2024-10-18T11:07:11.440Z error: Something went wrong in the root endpoint!
    Error: Something went wrong in the root endpoint!
        at C:\Users\Krystian\Desktop\AngularBlog\backend\src\index.ts:22:9
        at Layer.handle [as handle_request] (C:\Users\Krystian\Desktop\AngularBlog\backend\node_modules\express\lib\router\layer.js:95:5)
        at next (C:\Users\Krystian\Desktop\AngularBlog\backend\node_modules\express\lib\router\route.js:149:13)
        at Route.dispatch (C:\Users\Krystian\Desktop\AngularBlog\backend\node_modules\express\lib\router\route.js:119:3)
        at Layer.handle [as handle_request] (C:\Users\Krystian\Desktop\AngularBlog\backend\node_modules\express\lib\router\layer.js:95:5)
        at C:\Users\Krystian\Desktop\AngularBlog\backend\node_modules\express\lib\router\index.js:284:15
        at Function.process_params (C:\Users\Krystian\Desktop\AngularBlog\backend\node_modules\express\lib\router\index.js:346:12)
        at next (C:\Users\Krystian\Desktop\AngularBlog\backend\node_modules\express\lib\router\index.js:280:10)
        at urlencodedParser (C:\Users\Krystian\Desktop\AngularBlog\backend\node_modules\body-parser\lib\types\urlencoded.js:94:7)
        at Layer.handle [as handle_request] (C:\Users\Krystian\Desktop\AngularBlog\backend\node_modules\express\lib\router\layer.js:95:5)
2024-10-18T11:13:17.686Z error: Category_1.Category.findAlll is not a function
    TypeError: Category_1.Category.findAlll is not a function
        at C:\Users\Krystian\Desktop\AngularBlog\backend\src\index.ts:26:18
        at Generator.next (<anonymous>)
        at C:\Users\Krystian\Desktop\AngularBlog\backend\src\index.ts:8:71
        at new Promise (<anonymous>)
        at __awaiter (C:\Users\Krystian\Desktop\AngularBlog\backend\src\index.ts:4:12)
        at C:\Users\Krystian\Desktop\AngularBlog\backend\src\index.ts:23:33
        at newFn (C:\Users\Krystian\Desktop\AngularBlog\backend\node_modules\express-async-errors\index.js:16:20)
        at Layer.handle [as handle_request] (C:\Users\Krystian\Desktop\AngularBlog\backend\node_modules\express\lib\router\layer.js:95:5)
        at next (C:\Users\Krystian\Desktop\AngularBlog\backend\node_modules\express\lib\router\route.js:149:13)
        at Route.dispatch (C:\Users\Krystian\Desktop\AngularBlog\backend\node_modules\express\lib\router\route.js:119:3)
2024-10-18T12:48:59.547Z error: Expected double-quoted property name in JSON at position 43
    SyntaxError: Expected double-quoted property name in JSON at position 43
        at JSON.parse (<anonymous>)
        at parse (C:\Users\Krystian\Desktop\AngularBlog\backend\node_modules\body-parser\lib\types\json.js:92:19)
        at C:\Users\Krystian\Desktop\AngularBlog\backend\node_modules\body-parser\lib\read.js:128:18
        at AsyncResource.runInAsyncScope (node:async_hooks:206:9)
        at invokeCallback (C:\Users\Krystian\Desktop\AngularBlog\backend\node_modules\raw-body\index.js:238:16)
        at done (C:\Users\Krystian\Desktop\AngularBlog\backend\node_modules\raw-body\index.js:227:7)
        at IncomingMessage.onEnd (C:\Users\Krystian\Desktop\AngularBlog\backend\node_modules\raw-body\index.js:287:7)
        at IncomingMessage.emit (node:events:519:28)
        at IncomingMessage.emit (node:domain:488:12)
        at endReadableNT (node:internal/streams/readable:1696:12)
2024-10-20T21:22:56.743Z error: Expected double-quoted property name in JSON at position 65
    SyntaxError: Expected double-quoted property name in JSON at position 65
        at JSON.parse (<anonymous>)
        at parse (C:\Users\Krystian\Desktop\AngularBlog\backend\node_modules\body-parser\lib\types\json.js:92:19)
        at C:\Users\Krystian\Desktop\AngularBlog\backend\node_modules\body-parser\lib\read.js:128:18
        at AsyncResource.runInAsyncScope (node:async_hooks:206:9)
        at invokeCallback (C:\Users\Krystian\Desktop\AngularBlog\backend\node_modules\raw-body\index.js:238:16)
        at done (C:\Users\Krystian\Desktop\AngularBlog\backend\node_modules\raw-body\index.js:227:7)
        at IncomingMessage.onEnd (C:\Users\Krystian\Desktop\AngularBlog\backend\node_modules\raw-body\index.js:287:7)
        at IncomingMessage.emit (node:events:519:28)
        at IncomingMessage.emit (node:domain:488:12)
        at endReadableNT (node:internal/streams/readable:1696:12)
2024-10-21T11:22:12.339Z error: Tag is not associated to PostTag!
    SequelizeEagerLoadingError: Tag is not associated to PostTag!
        at Function._getIncludedAssociation (C:\Users\Krystian\Desktop\AngularBlog\backend\node_modules\sequelize\src\model.js:742:13)
        at Function._validateIncludedElement (C:\Users\Krystian\Desktop\AngularBlog\backend\node_modules\sequelize\src\model.js:646:53)
        at C:\Users\Krystian\Desktop\AngularBlog\backend\node_modules\sequelize\src\model.js:542:37
        at Array.map (<anonymous>)
        at Function._validateIncludedElements (C:\Users\Krystian\Desktop\AngularBlog\backend\node_modules\sequelize\src\model.js:537:39)
        at Function.findAll (C:\Users\Krystian\Desktop\AngularBlog\backend\node_modules\sequelize\src\model.js:1794:12)
        at processTicksAndRejections (node:internal/process/task_queues:95:5)
2024-10-21T19:13:04.387Z error: WHERE parameter "categoryId" has invalid "undefined" value
    Error: WHERE parameter "categoryId" has invalid "undefined" value
        at MySQLQueryGenerator.whereItemQuery (C:\Users\Krystian\Desktop\AngularBlog\backend\node_modules\sequelize\src\dialects\abstract\query-generator.js:2445:13)
        at C:\Users\Krystian\Desktop\AngularBlog\backend\node_modules\sequelize\src\dialects\abstract\query-generator.js:2434:25
        at Array.forEach (<anonymous>)
        at MySQLQueryGenerator.whereItemsQuery (C:\Users\Krystian\Desktop\AngularBlog\backend\node_modules\sequelize\src\dialects\abstract\query-generator.js:2432:35)
        at MySQLQueryGenerator.getWhereConditions (C:\Users\Krystian\Desktop\AngularBlog\backend\node_modules\sequelize\src\dialects\abstract\query-generator.js:2860:19)
        at MySQLQueryGenerator.selectQuery (C:\Users\Krystian\Desktop\AngularBlog\backend\node_modules\sequelize\src\dialects\abstract\query-generator.js:1460:28)
        at MySQLQueryInterface.select (C:\Users\Krystian\Desktop\AngularBlog\backend\node_modules\sequelize\src\dialects\abstract\query-interface.js:1002:27)
        at Function.findAll (C:\Users\Krystian\Desktop\AngularBlog\backend\node_modules\sequelize\src\model.js:1824:47)
        at processTicksAndRejections (node:internal/process/task_queues:95:5)
2024-10-21T19:13:10.927Z error: WHERE parameter "categoryId" has invalid "undefined" value
    Error: WHERE parameter "categoryId" has invalid "undefined" value
        at MySQLQueryGenerator.whereItemQuery (C:\Users\Krystian\Desktop\AngularBlog\backend\node_modules\sequelize\src\dialects\abstract\query-generator.js:2445:13)
        at C:\Users\Krystian\Desktop\AngularBlog\backend\node_modules\sequelize\src\dialects\abstract\query-generator.js:2434:25
        at Array.forEach (<anonymous>)
        at MySQLQueryGenerator.whereItemsQuery (C:\Users\Krystian\Desktop\AngularBlog\backend\node_modules\sequelize\src\dialects\abstract\query-generator.js:2432:35)
        at MySQLQueryGenerator.getWhereConditions (C:\Users\Krystian\Desktop\AngularBlog\backend\node_modules\sequelize\src\dialects\abstract\query-generator.js:2860:19)
        at MySQLQueryGenerator.selectQuery (C:\Users\Krystian\Desktop\AngularBlog\backend\node_modules\sequelize\src\dialects\abstract\query-generator.js:1460:28)
        at MySQLQueryInterface.select (C:\Users\Krystian\Desktop\AngularBlog\backend\node_modules\sequelize\src\dialects\abstract\query-interface.js:1002:27)
        at Function.findAll (C:\Users\Krystian\Desktop\AngularBlog\backend\node_modules\sequelize\src\model.js:1824:47)
        at processTicksAndRejections (node:internal/process/task_queues:95:5)
2024-10-21T19:13:14.387Z error: WHERE parameter "categoryId" has invalid "undefined" value
    Error: WHERE parameter "categoryId" has invalid "undefined" value
        at MySQLQueryGenerator.whereItemQuery (C:\Users\Krystian\Desktop\AngularBlog\backend\node_modules\sequelize\src\dialects\abstract\query-generator.js:2445:13)
        at C:\Users\Krystian\Desktop\AngularBlog\backend\node_modules\sequelize\src\dialects\abstract\query-generator.js:2434:25
        at Array.forEach (<anonymous>)
        at MySQLQueryGenerator.whereItemsQuery (C:\Users\Krystian\Desktop\AngularBlog\backend\node_modules\sequelize\src\dialects\abstract\query-generator.js:2432:35)
        at MySQLQueryGenerator.getWhereConditions (C:\Users\Krystian\Desktop\AngularBlog\backend\node_modules\sequelize\src\dialects\abstract\query-generator.js:2860:19)
        at MySQLQueryGenerator.selectQuery (C:\Users\Krystian\Desktop\AngularBlog\backend\node_modules\sequelize\src\dialects\abstract\query-generator.js:1460:28)
        at MySQLQueryInterface.select (C:\Users\Krystian\Desktop\AngularBlog\backend\node_modules\sequelize\src\dialects\abstract\query-interface.js:1002:27)
        at Function.findAll (C:\Users\Krystian\Desktop\AngularBlog\backend\node_modules\sequelize\src\model.js:1824:47)
        at processTicksAndRejections (node:internal/process/task_queues:95:5)
2024-10-21T19:13:18.492Z error: WHERE parameter "categoryId" has invalid "undefined" value
    Error: WHERE parameter "categoryId" has invalid "undefined" value
        at MySQLQueryGenerator.whereItemQuery (C:\Users\Krystian\Desktop\AngularBlog\backend\node_modules\sequelize\src\dialects\abstract\query-generator.js:2445:13)
        at C:\Users\Krystian\Desktop\AngularBlog\backend\node_modules\sequelize\src\dialects\abstract\query-generator.js:2434:25
        at Array.forEach (<anonymous>)
        at MySQLQueryGenerator.whereItemsQuery (C:\Users\Krystian\Desktop\AngularBlog\backend\node_modules\sequelize\src\dialects\abstract\query-generator.js:2432:35)
        at MySQLQueryGenerator.getWhereConditions (C:\Users\Krystian\Desktop\AngularBlog\backend\node_modules\sequelize\src\dialects\abstract\query-generator.js:2860:19)
        at MySQLQueryGenerator.selectQuery (C:\Users\Krystian\Desktop\AngularBlog\backend\node_modules\sequelize\src\dialects\abstract\query-generator.js:1460:28)
        at MySQLQueryInterface.select (C:\Users\Krystian\Desktop\AngularBlog\backend\node_modules\sequelize\src\dialects\abstract\query-interface.js:1002:27)
        at Function.findAll (C:\Users\Krystian\Desktop\AngularBlog\backend\node_modules\sequelize\src\model.js:1824:47)
        at processTicksAndRejections (node:internal/process/task_queues:95:5)
2024-10-21T19:13:24.553Z error: WHERE parameter "categoryId" has invalid "undefined" value
    Error: WHERE parameter "categoryId" has invalid "undefined" value
        at MySQLQueryGenerator.whereItemQuery (C:\Users\Krystian\Desktop\AngularBlog\backend\node_modules\sequelize\src\dialects\abstract\query-generator.js:2445:13)
        at C:\Users\Krystian\Desktop\AngularBlog\backend\node_modules\sequelize\src\dialects\abstract\query-generator.js:2434:25
        at Array.forEach (<anonymous>)
        at MySQLQueryGenerator.whereItemsQuery (C:\Users\Krystian\Desktop\AngularBlog\backend\node_modules\sequelize\src\dialects\abstract\query-generator.js:2432:35)
        at MySQLQueryGenerator.getWhereConditions (C:\Users\Krystian\Desktop\AngularBlog\backend\node_modules\sequelize\src\dialects\abstract\query-generator.js:2860:19)
        at MySQLQueryGenerator.selectQuery (C:\Users\Krystian\Desktop\AngularBlog\backend\node_modules\sequelize\src\dialects\abstract\query-generator.js:1460:28)
        at MySQLQueryInterface.select (C:\Users\Krystian\Desktop\AngularBlog\backend\node_modules\sequelize\src\dialects\abstract\query-interface.js:1002:27)
        at Function.findAll (C:\Users\Krystian\Desktop\AngularBlog\backend\node_modules\sequelize\src\model.js:1824:47)
        at processTicksAndRejections (node:internal/process/task_queues:95:5)
2024-10-21T19:13:50.472Z error: WHERE parameter "categoryId" has invalid "undefined" value
    Error: WHERE parameter "categoryId" has invalid "undefined" value
        at MySQLQueryGenerator.whereItemQuery (C:\Users\Krystian\Desktop\AngularBlog\backend\node_modules\sequelize\src\dialects\abstract\query-generator.js:2445:13)
        at C:\Users\Krystian\Desktop\AngularBlog\backend\node_modules\sequelize\src\dialects\abstract\query-generator.js:2434:25
        at Array.forEach (<anonymous>)
        at MySQLQueryGenerator.whereItemsQuery (C:\Users\Krystian\Desktop\AngularBlog\backend\node_modules\sequelize\src\dialects\abstract\query-generator.js:2432:35)
        at MySQLQueryGenerator.getWhereConditions (C:\Users\Krystian\Desktop\AngularBlog\backend\node_modules\sequelize\src\dialects\abstract\query-generator.js:2860:19)
        at MySQLQueryGenerator.selectQuery (C:\Users\Krystian\Desktop\AngularBlog\backend\node_modules\sequelize\src\dialects\abstract\query-generator.js:1460:28)
        at MySQLQueryInterface.select (C:\Users\Krystian\Desktop\AngularBlog\backend\node_modules\sequelize\src\dialects\abstract\query-interface.js:1002:27)
        at Function.findAll (C:\Users\Krystian\Desktop\AngularBlog\backend\node_modules\sequelize\src\model.js:1824:47)
        at processTicksAndRejections (node:internal/process/task_queues:95:5)
2024-10-21T19:14:58.728Z error: WHERE parameter "categoryId" has invalid "undefined" value
    Error: WHERE parameter "categoryId" has invalid "undefined" value
        at MySQLQueryGenerator.whereItemQuery (C:\Users\Krystian\Desktop\AngularBlog\backend\node_modules\sequelize\src\dialects\abstract\query-generator.js:2445:13)
        at C:\Users\Krystian\Desktop\AngularBlog\backend\node_modules\sequelize\src\dialects\abstract\query-generator.js:2434:25
        at Array.forEach (<anonymous>)
        at MySQLQueryGenerator.whereItemsQuery (C:\Users\Krystian\Desktop\AngularBlog\backend\node_modules\sequelize\src\dialects\abstract\query-generator.js:2432:35)
        at MySQLQueryGenerator.getWhereConditions (C:\Users\Krystian\Desktop\AngularBlog\backend\node_modules\sequelize\src\dialects\abstract\query-generator.js:2860:19)
        at MySQLQueryGenerator.selectQuery (C:\Users\Krystian\Desktop\AngularBlog\backend\node_modules\sequelize\src\dialects\abstract\query-generator.js:1460:28)
        at MySQLQueryInterface.select (C:\Users\Krystian\Desktop\AngularBlog\backend\node_modules\sequelize\src\dialects\abstract\query-interface.js:1002:27)
        at Function.findAll (C:\Users\Krystian\Desktop\AngularBlog\backend\node_modules\sequelize\src\model.js:1824:47)
        at processTicksAndRejections (node:internal/process/task_queues:95:5)
2024-10-21T19:15:24.650Z error: WHERE parameter "categoryId" has invalid "undefined" value
    Error: WHERE parameter "categoryId" has invalid "undefined" value
        at MySQLQueryGenerator.whereItemQuery (C:\Users\Krystian\Desktop\AngularBlog\backend\node_modules\sequelize\src\dialects\abstract\query-generator.js:2445:13)
        at C:\Users\Krystian\Desktop\AngularBlog\backend\node_modules\sequelize\src\dialects\abstract\query-generator.js:2434:25
        at Array.forEach (<anonymous>)
        at MySQLQueryGenerator.whereItemsQuery (C:\Users\Krystian\Desktop\AngularBlog\backend\node_modules\sequelize\src\dialects\abstract\query-generator.js:2432:35)
        at MySQLQueryGenerator.getWhereConditions (C:\Users\Krystian\Desktop\AngularBlog\backend\node_modules\sequelize\src\dialects\abstract\query-generator.js:2860:19)
        at MySQLQueryGenerator.selectQuery (C:\Users\Krystian\Desktop\AngularBlog\backend\node_modules\sequelize\src\dialects\abstract\query-generator.js:1460:28)
        at MySQLQueryInterface.select (C:\Users\Krystian\Desktop\AngularBlog\backend\node_modules\sequelize\src\dialects\abstract\query-interface.js:1002:27)
        at Function.findAll (C:\Users\Krystian\Desktop\AngularBlog\backend\node_modules\sequelize\src\model.js:1824:47)
        at processTicksAndRejections (node:internal/process/task_queues:95:5)
2024-10-21T19:16:14.670Z error: WHERE parameter "categoryId" has invalid "undefined" value
    Error: WHERE parameter "categoryId" has invalid "undefined" value
        at MySQLQueryGenerator.whereItemQuery (C:\Users\Krystian\Desktop\AngularBlog\backend\node_modules\sequelize\src\dialects\abstract\query-generator.js:2445:13)
        at C:\Users\Krystian\Desktop\AngularBlog\backend\node_modules\sequelize\src\dialects\abstract\query-generator.js:2434:25
        at Array.forEach (<anonymous>)
        at MySQLQueryGenerator.whereItemsQuery (C:\Users\Krystian\Desktop\AngularBlog\backend\node_modules\sequelize\src\dialects\abstract\query-generator.js:2432:35)
        at MySQLQueryGenerator.getWhereConditions (C:\Users\Krystian\Desktop\AngularBlog\backend\node_modules\sequelize\src\dialects\abstract\query-generator.js:2860:19)
        at MySQLQueryGenerator.selectQuery (C:\Users\Krystian\Desktop\AngularBlog\backend\node_modules\sequelize\src\dialects\abstract\query-generator.js:1460:28)
        at MySQLQueryInterface.select (C:\Users\Krystian\Desktop\AngularBlog\backend\node_modules\sequelize\src\dialects\abstract\query-interface.js:1002:27)
        at Function.findAll (C:\Users\Krystian\Desktop\AngularBlog\backend\node_modules\sequelize\src\model.js:1824:47)
        at processTicksAndRejections (node:internal/process/task_queues:95:5)
2024-10-21T19:16:46.716Z error: WHERE parameter "categoryId" has invalid "undefined" value
    Error: WHERE parameter "categoryId" has invalid "undefined" value
        at MySQLQueryGenerator.whereItemQuery (C:\Users\Krystian\Desktop\AngularBlog\backend\node_modules\sequelize\src\dialects\abstract\query-generator.js:2445:13)
        at C:\Users\Krystian\Desktop\AngularBlog\backend\node_modules\sequelize\src\dialects\abstract\query-generator.js:2434:25
        at Array.forEach (<anonymous>)
        at MySQLQueryGenerator.whereItemsQuery (C:\Users\Krystian\Desktop\AngularBlog\backend\node_modules\sequelize\src\dialects\abstract\query-generator.js:2432:35)
        at MySQLQueryGenerator.getWhereConditions (C:\Users\Krystian\Desktop\AngularBlog\backend\node_modules\sequelize\src\dialects\abstract\query-generator.js:2860:19)
        at MySQLQueryGenerator.selectQuery (C:\Users\Krystian\Desktop\AngularBlog\backend\node_modules\sequelize\src\dialects\abstract\query-generator.js:1460:28)
        at MySQLQueryInterface.select (C:\Users\Krystian\Desktop\AngularBlog\backend\node_modules\sequelize\src\dialects\abstract\query-interface.js:1002:27)
        at Function.findAll (C:\Users\Krystian\Desktop\AngularBlog\backend\node_modules\sequelize\src\model.js:1824:47)
        at processTicksAndRejections (node:internal/process/task_queues:95:5)
2024-10-21T19:17:28.905Z error: WHERE parameter "categoryId" has invalid "undefined" value
    Error: WHERE parameter "categoryId" has invalid "undefined" value
        at MySQLQueryGenerator.whereItemQuery (C:\Users\Krystian\Desktop\AngularBlog\backend\node_modules\sequelize\src\dialects\abstract\query-generator.js:2445:13)
        at C:\Users\Krystian\Desktop\AngularBlog\backend\node_modules\sequelize\src\dialects\abstract\query-generator.js:2434:25
        at Array.forEach (<anonymous>)
        at MySQLQueryGenerator.whereItemsQuery (C:\Users\Krystian\Desktop\AngularBlog\backend\node_modules\sequelize\src\dialects\abstract\query-generator.js:2432:35)
        at MySQLQueryGenerator.getWhereConditions (C:\Users\Krystian\Desktop\AngularBlog\backend\node_modules\sequelize\src\dialects\abstract\query-generator.js:2860:19)
        at MySQLQueryGenerator.selectQuery (C:\Users\Krystian\Desktop\AngularBlog\backend\node_modules\sequelize\src\dialects\abstract\query-generator.js:1460:28)
        at MySQLQueryInterface.select (C:\Users\Krystian\Desktop\AngularBlog\backend\node_modules\sequelize\src\dialects\abstract\query-interface.js:1002:27)
        at Function.findAll (C:\Users\Krystian\Desktop\AngularBlog\backend\node_modules\sequelize\src\model.js:1824:47)
        at processTicksAndRejections (node:internal/process/task_queues:95:5)
2024-10-21T19:23:15.301Z error: WHERE parameter "categoryId" has invalid "undefined" value
    Error: WHERE parameter "categoryId" has invalid "undefined" value
        at MySQLQueryGenerator.whereItemQuery (C:\Users\Krystian\Desktop\AngularBlog\backend\node_modules\sequelize\src\dialects\abstract\query-generator.js:2445:13)
        at C:\Users\Krystian\Desktop\AngularBlog\backend\node_modules\sequelize\src\dialects\abstract\query-generator.js:2434:25
        at Array.forEach (<anonymous>)
        at MySQLQueryGenerator.whereItemsQuery (C:\Users\Krystian\Desktop\AngularBlog\backend\node_modules\sequelize\src\dialects\abstract\query-generator.js:2432:35)
        at MySQLQueryGenerator.getWhereConditions (C:\Users\Krystian\Desktop\AngularBlog\backend\node_modules\sequelize\src\dialects\abstract\query-generator.js:2860:19)
        at MySQLQueryGenerator.selectQuery (C:\Users\Krystian\Desktop\AngularBlog\backend\node_modules\sequelize\src\dialects\abstract\query-generator.js:1460:28)
        at MySQLQueryInterface.select (C:\Users\Krystian\Desktop\AngularBlog\backend\node_modules\sequelize\src\dialects\abstract\query-interface.js:1002:27)
        at Function.findAll (C:\Users\Krystian\Desktop\AngularBlog\backend\node_modules\sequelize\src\model.js:1824:47)
        at processTicksAndRejections (node:internal/process/task_queues:95:5)
2024-10-21T19:27:14.678Z error: WHERE parameter "categoryId" has invalid "undefined" value
    Error: WHERE parameter "categoryId" has invalid "undefined" value
        at MySQLQueryGenerator.whereItemQuery (C:\Users\Krystian\Desktop\AngularBlog\backend\node_modules\sequelize\src\dialects\abstract\query-generator.js:2445:13)
        at C:\Users\Krystian\Desktop\AngularBlog\backend\node_modules\sequelize\src\dialects\abstract\query-generator.js:2434:25
        at Array.forEach (<anonymous>)
        at MySQLQueryGenerator.whereItemsQuery (C:\Users\Krystian\Desktop\AngularBlog\backend\node_modules\sequelize\src\dialects\abstract\query-generator.js:2432:35)
        at MySQLQueryGenerator.getWhereConditions (C:\Users\Krystian\Desktop\AngularBlog\backend\node_modules\sequelize\src\dialects\abstract\query-generator.js:2860:19)
        at MySQLQueryGenerator.selectQuery (C:\Users\Krystian\Desktop\AngularBlog\backend\node_modules\sequelize\src\dialects\abstract\query-generator.js:1460:28)
        at MySQLQueryInterface.select (C:\Users\Krystian\Desktop\AngularBlog\backend\node_modules\sequelize\src\dialects\abstract\query-interface.js:1002:27)
        at Function.findAll (C:\Users\Krystian\Desktop\AngularBlog\backend\node_modules\sequelize\src\model.js:1824:47)
        at processTicksAndRejections (node:internal/process/task_queues:95:5)
2024-10-21T19:27:53.663Z error: WHERE parameter "categoryId" has invalid "undefined" value
    Error: WHERE parameter "categoryId" has invalid "undefined" value
        at MySQLQueryGenerator.whereItemQuery (C:\Users\Krystian\Desktop\AngularBlog\backend\node_modules\sequelize\src\dialects\abstract\query-generator.js:2445:13)
        at C:\Users\Krystian\Desktop\AngularBlog\backend\node_modules\sequelize\src\dialects\abstract\query-generator.js:2434:25
        at Array.forEach (<anonymous>)
        at MySQLQueryGenerator.whereItemsQuery (C:\Users\Krystian\Desktop\AngularBlog\backend\node_modules\sequelize\src\dialects\abstract\query-generator.js:2432:35)
        at MySQLQueryGenerator.getWhereConditions (C:\Users\Krystian\Desktop\AngularBlog\backend\node_modules\sequelize\src\dialects\abstract\query-generator.js:2860:19)
        at MySQLQueryGenerator.selectQuery (C:\Users\Krystian\Desktop\AngularBlog\backend\node_modules\sequelize\src\dialects\abstract\query-generator.js:1460:28)
        at MySQLQueryInterface.select (C:\Users\Krystian\Desktop\AngularBlog\backend\node_modules\sequelize\src\dialects\abstract\query-interface.js:1002:27)
        at Function.findAll (C:\Users\Krystian\Desktop\AngularBlog\backend\node_modules\sequelize\src\model.js:1824:47)
        at processTicksAndRejections (node:internal/process/task_queues:95:5)
2024-10-21T19:28:13.691Z error: WHERE parameter "categoryId" has invalid "undefined" value
    Error: WHERE parameter "categoryId" has invalid "undefined" value
        at MySQLQueryGenerator.whereItemQuery (C:\Users\Krystian\Desktop\AngularBlog\backend\node_modules\sequelize\src\dialects\abstract\query-generator.js:2445:13)
        at C:\Users\Krystian\Desktop\AngularBlog\backend\node_modules\sequelize\src\dialects\abstract\query-generator.js:2434:25
        at Array.forEach (<anonymous>)
        at MySQLQueryGenerator.whereItemsQuery (C:\Users\Krystian\Desktop\AngularBlog\backend\node_modules\sequelize\src\dialects\abstract\query-generator.js:2432:35)
        at MySQLQueryGenerator.getWhereConditions (C:\Users\Krystian\Desktop\AngularBlog\backend\node_modules\sequelize\src\dialects\abstract\query-generator.js:2860:19)
        at MySQLQueryGenerator.selectQuery (C:\Users\Krystian\Desktop\AngularBlog\backend\node_modules\sequelize\src\dialects\abstract\query-generator.js:1460:28)
        at MySQLQueryInterface.select (C:\Users\Krystian\Desktop\AngularBlog\backend\node_modules\sequelize\src\dialects\abstract\query-interface.js:1002:27)
        at Function.findAll (C:\Users\Krystian\Desktop\AngularBlog\backend\node_modules\sequelize\src\model.js:1824:47)
        at processTicksAndRejections (node:internal/process/task_queues:95:5)
2024-10-21T19:28:16.767Z error: WHERE parameter "categoryId" has invalid "undefined" value
    Error: WHERE parameter "categoryId" has invalid "undefined" value
        at MySQLQueryGenerator.whereItemQuery (C:\Users\Krystian\Desktop\AngularBlog\backend\node_modules\sequelize\src\dialects\abstract\query-generator.js:2445:13)
        at C:\Users\Krystian\Desktop\AngularBlog\backend\node_modules\sequelize\src\dialects\abstract\query-generator.js:2434:25
        at Array.forEach (<anonymous>)
        at MySQLQueryGenerator.whereItemsQuery (C:\Users\Krystian\Desktop\AngularBlog\backend\node_modules\sequelize\src\dialects\abstract\query-generator.js:2432:35)
        at MySQLQueryGenerator.getWhereConditions (C:\Users\Krystian\Desktop\AngularBlog\backend\node_modules\sequelize\src\dialects\abstract\query-generator.js:2860:19)
        at MySQLQueryGenerator.selectQuery (C:\Users\Krystian\Desktop\AngularBlog\backend\node_modules\sequelize\src\dialects\abstract\query-generator.js:1460:28)
        at MySQLQueryInterface.select (C:\Users\Krystian\Desktop\AngularBlog\backend\node_modules\sequelize\src\dialects\abstract\query-interface.js:1002:27)
        at Function.findAll (C:\Users\Krystian\Desktop\AngularBlog\backend\node_modules\sequelize\src\model.js:1824:47)
        at processTicksAndRejections (node:internal/process/task_queues:95:5)
2024-10-21T19:29:11.859Z error: WHERE parameter "categoryId" has invalid "undefined" value
    Error: WHERE parameter "categoryId" has invalid "undefined" value
        at MySQLQueryGenerator.whereItemQuery (C:\Users\Krystian\Desktop\AngularBlog\backend\node_modules\sequelize\src\dialects\abstract\query-generator.js:2445:13)
        at C:\Users\Krystian\Desktop\AngularBlog\backend\node_modules\sequelize\src\dialects\abstract\query-generator.js:2434:25
        at Array.forEach (<anonymous>)
        at MySQLQueryGenerator.whereItemsQuery (C:\Users\Krystian\Desktop\AngularBlog\backend\node_modules\sequelize\src\dialects\abstract\query-generator.js:2432:35)
        at MySQLQueryGenerator.getWhereConditions (C:\Users\Krystian\Desktop\AngularBlog\backend\node_modules\sequelize\src\dialects\abstract\query-generator.js:2860:19)
        at MySQLQueryGenerator.selectQuery (C:\Users\Krystian\Desktop\AngularBlog\backend\node_modules\sequelize\src\dialects\abstract\query-generator.js:1460:28)
        at MySQLQueryInterface.select (C:\Users\Krystian\Desktop\AngularBlog\backend\node_modules\sequelize\src\dialects\abstract\query-interface.js:1002:27)
        at Function.findAll (C:\Users\Krystian\Desktop\AngularBlog\backend\node_modules\sequelize\src\model.js:1824:47)
        at processTicksAndRejections (node:internal/process/task_queues:95:5)
2024-10-21T19:31:49.998Z error: WHERE parameter "categoryId" has invalid "undefined" value
    Error: WHERE parameter "categoryId" has invalid "undefined" value
        at MySQLQueryGenerator.whereItemQuery (C:\Users\Krystian\Desktop\AngularBlog\backend\node_modules\sequelize\src\dialects\abstract\query-generator.js:2445:13)
        at C:\Users\Krystian\Desktop\AngularBlog\backend\node_modules\sequelize\src\dialects\abstract\query-generator.js:2434:25
        at Array.forEach (<anonymous>)
        at MySQLQueryGenerator.whereItemsQuery (C:\Users\Krystian\Desktop\AngularBlog\backend\node_modules\sequelize\src\dialects\abstract\query-generator.js:2432:35)
        at MySQLQueryGenerator.getWhereConditions (C:\Users\Krystian\Desktop\AngularBlog\backend\node_modules\sequelize\src\dialects\abstract\query-generator.js:2860:19)
        at MySQLQueryGenerator.selectQuery (C:\Users\Krystian\Desktop\AngularBlog\backend\node_modules\sequelize\src\dialects\abstract\query-generator.js:1460:28)
        at MySQLQueryInterface.select (C:\Users\Krystian\Desktop\AngularBlog\backend\node_modules\sequelize\src\dialects\abstract\query-interface.js:1002:27)
        at Function.findAll (C:\Users\Krystian\Desktop\AngularBlog\backend\node_modules\sequelize\src\model.js:1824:47)
        at processTicksAndRejections (node:internal/process/task_queues:95:5)
2024-10-21T19:31:52.910Z error: WHERE parameter "categoryId" has invalid "undefined" value
    Error: WHERE parameter "categoryId" has invalid "undefined" value
        at MySQLQueryGenerator.whereItemQuery (C:\Users\Krystian\Desktop\AngularBlog\backend\node_modules\sequelize\src\dialects\abstract\query-generator.js:2445:13)
        at C:\Users\Krystian\Desktop\AngularBlog\backend\node_modules\sequelize\src\dialects\abstract\query-generator.js:2434:25
        at Array.forEach (<anonymous>)
        at MySQLQueryGenerator.whereItemsQuery (C:\Users\Krystian\Desktop\AngularBlog\backend\node_modules\sequelize\src\dialects\abstract\query-generator.js:2432:35)
        at MySQLQueryGenerator.getWhereConditions (C:\Users\Krystian\Desktop\AngularBlog\backend\node_modules\sequelize\src\dialects\abstract\query-generator.js:2860:19)
        at MySQLQueryGenerator.selectQuery (C:\Users\Krystian\Desktop\AngularBlog\backend\node_modules\sequelize\src\dialects\abstract\query-generator.js:1460:28)
        at MySQLQueryInterface.select (C:\Users\Krystian\Desktop\AngularBlog\backend\node_modules\sequelize\src\dialects\abstract\query-interface.js:1002:27)
        at Function.findAll (C:\Users\Krystian\Desktop\AngularBlog\backend\node_modules\sequelize\src\model.js:1824:47)
        at processTicksAndRejections (node:internal/process/task_queues:95:5)
2024-10-21T19:33:28.671Z error: WHERE parameter "categoryId" has invalid "undefined" value
    Error: WHERE parameter "categoryId" has invalid "undefined" value
        at MySQLQueryGenerator.whereItemQuery (C:\Users\Krystian\Desktop\AngularBlog\backend\node_modules\sequelize\src\dialects\abstract\query-generator.js:2445:13)
        at C:\Users\Krystian\Desktop\AngularBlog\backend\node_modules\sequelize\src\dialects\abstract\query-generator.js:2434:25
        at Array.forEach (<anonymous>)
        at MySQLQueryGenerator.whereItemsQuery (C:\Users\Krystian\Desktop\AngularBlog\backend\node_modules\sequelize\src\dialects\abstract\query-generator.js:2432:35)
        at MySQLQueryGenerator.getWhereConditions (C:\Users\Krystian\Desktop\AngularBlog\backend\node_modules\sequelize\src\dialects\abstract\query-generator.js:2860:19)
        at MySQLQueryGenerator.selectQuery (C:\Users\Krystian\Desktop\AngularBlog\backend\node_modules\sequelize\src\dialects\abstract\query-generator.js:1460:28)
        at MySQLQueryInterface.select (C:\Users\Krystian\Desktop\AngularBlog\backend\node_modules\sequelize\src\dialects\abstract\query-interface.js:1002:27)
        at Function.findAll (C:\Users\Krystian\Desktop\AngularBlog\backend\node_modules\sequelize\src\model.js:1824:47)
        at processTicksAndRejections (node:internal/process/task_queues:95:5)
2024-10-21T19:33:36.399Z error: WHERE parameter "categoryId" has invalid "undefined" value
    Error: WHERE parameter "categoryId" has invalid "undefined" value
        at MySQLQueryGenerator.whereItemQuery (C:\Users\Krystian\Desktop\AngularBlog\backend\node_modules\sequelize\src\dialects\abstract\query-generator.js:2445:13)
        at C:\Users\Krystian\Desktop\AngularBlog\backend\node_modules\sequelize\src\dialects\abstract\query-generator.js:2434:25
        at Array.forEach (<anonymous>)
        at MySQLQueryGenerator.whereItemsQuery (C:\Users\Krystian\Desktop\AngularBlog\backend\node_modules\sequelize\src\dialects\abstract\query-generator.js:2432:35)
        at MySQLQueryGenerator.getWhereConditions (C:\Users\Krystian\Desktop\AngularBlog\backend\node_modules\sequelize\src\dialects\abstract\query-generator.js:2860:19)
        at MySQLQueryGenerator.selectQuery (C:\Users\Krystian\Desktop\AngularBlog\backend\node_modules\sequelize\src\dialects\abstract\query-generator.js:1460:28)
        at MySQLQueryInterface.select (C:\Users\Krystian\Desktop\AngularBlog\backend\node_modules\sequelize\src\dialects\abstract\query-interface.js:1002:27)
        at Function.findAll (C:\Users\Krystian\Desktop\AngularBlog\backend\node_modules\sequelize\src\model.js:1824:47)
        at processTicksAndRejections (node:internal/process/task_queues:95:5)
2024-10-21T19:33:59.678Z error: WHERE parameter "categoryId" has invalid "undefined" value
    Error: WHERE parameter "categoryId" has invalid "undefined" value
        at MySQLQueryGenerator.whereItemQuery (C:\Users\Krystian\Desktop\AngularBlog\backend\node_modules\sequelize\src\dialects\abstract\query-generator.js:2445:13)
        at C:\Users\Krystian\Desktop\AngularBlog\backend\node_modules\sequelize\src\dialects\abstract\query-generator.js:2434:25
        at Array.forEach (<anonymous>)
        at MySQLQueryGenerator.whereItemsQuery (C:\Users\Krystian\Desktop\AngularBlog\backend\node_modules\sequelize\src\dialects\abstract\query-generator.js:2432:35)
        at MySQLQueryGenerator.getWhereConditions (C:\Users\Krystian\Desktop\AngularBlog\backend\node_modules\sequelize\src\dialects\abstract\query-generator.js:2860:19)
        at MySQLQueryGenerator.selectQuery (C:\Users\Krystian\Desktop\AngularBlog\backend\node_modules\sequelize\src\dialects\abstract\query-generator.js:1460:28)
        at MySQLQueryInterface.select (C:\Users\Krystian\Desktop\AngularBlog\backend\node_modules\sequelize\src\dialects\abstract\query-interface.js:1002:27)
        at Function.findAll (C:\Users\Krystian\Desktop\AngularBlog\backend\node_modules\sequelize\src\model.js:1824:47)
        at processTicksAndRejections (node:internal/process/task_queues:95:5)
2024-10-21T19:34:11.687Z error: WHERE parameter "categoryId" has invalid "undefined" value
    Error: WHERE parameter "categoryId" has invalid "undefined" value
        at MySQLQueryGenerator.whereItemQuery (C:\Users\Krystian\Desktop\AngularBlog\backend\node_modules\sequelize\src\dialects\abstract\query-generator.js:2445:13)
        at C:\Users\Krystian\Desktop\AngularBlog\backend\node_modules\sequelize\src\dialects\abstract\query-generator.js:2434:25
        at Array.forEach (<anonymous>)
        at MySQLQueryGenerator.whereItemsQuery (C:\Users\Krystian\Desktop\AngularBlog\backend\node_modules\sequelize\src\dialects\abstract\query-generator.js:2432:35)
        at MySQLQueryGenerator.getWhereConditions (C:\Users\Krystian\Desktop\AngularBlog\backend\node_modules\sequelize\src\dialects\abstract\query-generator.js:2860:19)
        at MySQLQueryGenerator.selectQuery (C:\Users\Krystian\Desktop\AngularBlog\backend\node_modules\sequelize\src\dialects\abstract\query-generator.js:1460:28)
        at MySQLQueryInterface.select (C:\Users\Krystian\Desktop\AngularBlog\backend\node_modules\sequelize\src\dialects\abstract\query-interface.js:1002:27)
        at Function.findAll (C:\Users\Krystian\Desktop\AngularBlog\backend\node_modules\sequelize\src\model.js:1824:47)
        at processTicksAndRejections (node:internal/process/task_queues:95:5)
2024-10-21T19:34:41.648Z error: WHERE parameter "categoryId" has invalid "undefined" value
    Error: WHERE parameter "categoryId" has invalid "undefined" value
        at MySQLQueryGenerator.whereItemQuery (C:\Users\Krystian\Desktop\AngularBlog\backend\node_modules\sequelize\src\dialects\abstract\query-generator.js:2445:13)
        at C:\Users\Krystian\Desktop\AngularBlog\backend\node_modules\sequelize\src\dialects\abstract\query-generator.js:2434:25
        at Array.forEach (<anonymous>)
        at MySQLQueryGenerator.whereItemsQuery (C:\Users\Krystian\Desktop\AngularBlog\backend\node_modules\sequelize\src\dialects\abstract\query-generator.js:2432:35)
        at MySQLQueryGenerator.getWhereConditions (C:\Users\Krystian\Desktop\AngularBlog\backend\node_modules\sequelize\src\dialects\abstract\query-generator.js:2860:19)
        at MySQLQueryGenerator.selectQuery (C:\Users\Krystian\Desktop\AngularBlog\backend\node_modules\sequelize\src\dialects\abstract\query-generator.js:1460:28)
        at MySQLQueryInterface.select (C:\Users\Krystian\Desktop\AngularBlog\backend\node_modules\sequelize\src\dialects\abstract\query-interface.js:1002:27)
        at Function.findAll (C:\Users\Krystian\Desktop\AngularBlog\backend\node_modules\sequelize\src\model.js:1824:47)
        at processTicksAndRejections (node:internal/process/task_queues:95:5)
2024-10-21T19:35:35.188Z error: WHERE parameter "categoryId" has invalid "undefined" value
    Error: WHERE parameter "categoryId" has invalid "undefined" value
        at MySQLQueryGenerator.whereItemQuery (C:\Users\Krystian\Desktop\AngularBlog\backend\node_modules\sequelize\src\dialects\abstract\query-generator.js:2445:13)
        at C:\Users\Krystian\Desktop\AngularBlog\backend\node_modules\sequelize\src\dialects\abstract\query-generator.js:2434:25
        at Array.forEach (<anonymous>)
        at MySQLQueryGenerator.whereItemsQuery (C:\Users\Krystian\Desktop\AngularBlog\backend\node_modules\sequelize\src\dialects\abstract\query-generator.js:2432:35)
        at MySQLQueryGenerator.getWhereConditions (C:\Users\Krystian\Desktop\AngularBlog\backend\node_modules\sequelize\src\dialects\abstract\query-generator.js:2860:19)
        at MySQLQueryGenerator.selectQuery (C:\Users\Krystian\Desktop\AngularBlog\backend\node_modules\sequelize\src\dialects\abstract\query-generator.js:1460:28)
        at MySQLQueryInterface.select (C:\Users\Krystian\Desktop\AngularBlog\backend\node_modules\sequelize\src\dialects\abstract\query-interface.js:1002:27)
        at Function.findAll (C:\Users\Krystian\Desktop\AngularBlog\backend\node_modules\sequelize\src\model.js:1824:47)
        at processTicksAndRejections (node:internal/process/task_queues:95:5)
2024-10-21T19:37:04.251Z error: WHERE parameter "categoryId" has invalid "undefined" value
    Error: WHERE parameter "categoryId" has invalid "undefined" value
        at MySQLQueryGenerator.whereItemQuery (C:\Users\Krystian\Desktop\AngularBlog\backend\node_modules\sequelize\src\dialects\abstract\query-generator.js:2445:13)
        at C:\Users\Krystian\Desktop\AngularBlog\backend\node_modules\sequelize\src\dialects\abstract\query-generator.js:2434:25
        at Array.forEach (<anonymous>)
        at MySQLQueryGenerator.whereItemsQuery (C:\Users\Krystian\Desktop\AngularBlog\backend\node_modules\sequelize\src\dialects\abstract\query-generator.js:2432:35)
        at MySQLQueryGenerator.getWhereConditions (C:\Users\Krystian\Desktop\AngularBlog\backend\node_modules\sequelize\src\dialects\abstract\query-generator.js:2860:19)
        at MySQLQueryGenerator.selectQuery (C:\Users\Krystian\Desktop\AngularBlog\backend\node_modules\sequelize\src\dialects\abstract\query-generator.js:1460:28)
        at MySQLQueryInterface.select (C:\Users\Krystian\Desktop\AngularBlog\backend\node_modules\sequelize\src\dialects\abstract\query-interface.js:1002:27)
        at Function.findAll (C:\Users\Krystian\Desktop\AngularBlog\backend\node_modules\sequelize\src\model.js:1824:47)
        at processTicksAndRejections (node:internal/process/task_queues:95:5)
2024-10-21T19:37:38.765Z error: WHERE parameter "categoryId" has invalid "undefined" value
    Error: WHERE parameter "categoryId" has invalid "undefined" value
        at MySQLQueryGenerator.whereItemQuery (C:\Users\Krystian\Desktop\AngularBlog\backend\node_modules\sequelize\src\dialects\abstract\query-generator.js:2445:13)
        at C:\Users\Krystian\Desktop\AngularBlog\backend\node_modules\sequelize\src\dialects\abstract\query-generator.js:2434:25
        at Array.forEach (<anonymous>)
        at MySQLQueryGenerator.whereItemsQuery (C:\Users\Krystian\Desktop\AngularBlog\backend\node_modules\sequelize\src\dialects\abstract\query-generator.js:2432:35)
        at MySQLQueryGenerator.getWhereConditions (C:\Users\Krystian\Desktop\AngularBlog\backend\node_modules\sequelize\src\dialects\abstract\query-generator.js:2860:19)
        at MySQLQueryGenerator.selectQuery (C:\Users\Krystian\Desktop\AngularBlog\backend\node_modules\sequelize\src\dialects\abstract\query-generator.js:1460:28)
        at MySQLQueryInterface.select (C:\Users\Krystian\Desktop\AngularBlog\backend\node_modules\sequelize\src\dialects\abstract\query-interface.js:1002:27)
        at Function.findAll (C:\Users\Krystian\Desktop\AngularBlog\backend\node_modules\sequelize\src\model.js:1824:47)
        at processTicksAndRejections (node:internal/process/task_queues:95:5)
2024-10-21T19:38:23.070Z error: WHERE parameter "categoryId" has invalid "undefined" value
    Error: WHERE parameter "categoryId" has invalid "undefined" value
        at MySQLQueryGenerator.whereItemQuery (C:\Users\Krystian\Desktop\AngularBlog\backend\node_modules\sequelize\src\dialects\abstract\query-generator.js:2445:13)
        at C:\Users\Krystian\Desktop\AngularBlog\backend\node_modules\sequelize\src\dialects\abstract\query-generator.js:2434:25
        at Array.forEach (<anonymous>)
        at MySQLQueryGenerator.whereItemsQuery (C:\Users\Krystian\Desktop\AngularBlog\backend\node_modules\sequelize\src\dialects\abstract\query-generator.js:2432:35)
        at MySQLQueryGenerator.getWhereConditions (C:\Users\Krystian\Desktop\AngularBlog\backend\node_modules\sequelize\src\dialects\abstract\query-generator.js:2860:19)
        at MySQLQueryGenerator.selectQuery (C:\Users\Krystian\Desktop\AngularBlog\backend\node_modules\sequelize\src\dialects\abstract\query-generator.js:1460:28)
        at MySQLQueryInterface.select (C:\Users\Krystian\Desktop\AngularBlog\backend\node_modules\sequelize\src\dialects\abstract\query-interface.js:1002:27)
        at Function.findAll (C:\Users\Krystian\Desktop\AngularBlog\backend\node_modules\sequelize\src\model.js:1824:47)
        at processTicksAndRejections (node:internal/process/task_queues:95:5)
2024-10-21T19:42:03.974Z error: WHERE parameter "categoryId" has invalid "undefined" value
    Error: WHERE parameter "categoryId" has invalid "undefined" value
        at MySQLQueryGenerator.whereItemQuery (C:\Users\Krystian\Desktop\AngularBlog\backend\node_modules\sequelize\src\dialects\abstract\query-generator.js:2445:13)
        at C:\Users\Krystian\Desktop\AngularBlog\backend\node_modules\sequelize\src\dialects\abstract\query-generator.js:2434:25
        at Array.forEach (<anonymous>)
        at MySQLQueryGenerator.whereItemsQuery (C:\Users\Krystian\Desktop\AngularBlog\backend\node_modules\sequelize\src\dialects\abstract\query-generator.js:2432:35)
        at MySQLQueryGenerator.getWhereConditions (C:\Users\Krystian\Desktop\AngularBlog\backend\node_modules\sequelize\src\dialects\abstract\query-generator.js:2860:19)
        at MySQLQueryGenerator.selectQuery (C:\Users\Krystian\Desktop\AngularBlog\backend\node_modules\sequelize\src\dialects\abstract\query-generator.js:1460:28)
        at MySQLQueryInterface.select (C:\Users\Krystian\Desktop\AngularBlog\backend\node_modules\sequelize\src\dialects\abstract\query-interface.js:1002:27)
        at Function.findAll (C:\Users\Krystian\Desktop\AngularBlog\backend\node_modules\sequelize\src\model.js:1824:47)
        at processTicksAndRejections (node:internal/process/task_queues:95:5)
2024-10-21T19:50:08.430Z error: WHERE parameter "categoryId" has invalid "undefined" value
    Error: WHERE parameter "categoryId" has invalid "undefined" value
        at MySQLQueryGenerator.whereItemQuery (C:\Users\Krystian\Desktop\AngularBlog\backend\node_modules\sequelize\src\dialects\abstract\query-generator.js:2445:13)
        at C:\Users\Krystian\Desktop\AngularBlog\backend\node_modules\sequelize\src\dialects\abstract\query-generator.js:2434:25
        at Array.forEach (<anonymous>)
        at MySQLQueryGenerator.whereItemsQuery (C:\Users\Krystian\Desktop\AngularBlog\backend\node_modules\sequelize\src\dialects\abstract\query-generator.js:2432:35)
        at MySQLQueryGenerator.getWhereConditions (C:\Users\Krystian\Desktop\AngularBlog\backend\node_modules\sequelize\src\dialects\abstract\query-generator.js:2860:19)
        at MySQLQueryGenerator.selectQuery (C:\Users\Krystian\Desktop\AngularBlog\backend\node_modules\sequelize\src\dialects\abstract\query-generator.js:1460:28)
        at MySQLQueryInterface.select (C:\Users\Krystian\Desktop\AngularBlog\backend\node_modules\sequelize\src\dialects\abstract\query-interface.js:1002:27)
        at Function.findAll (C:\Users\Krystian\Desktop\AngularBlog\backend\node_modules\sequelize\src\model.js:1824:47)
        at processTicksAndRejections (node:internal/process/task_queues:95:5)
2024-10-21T19:51:33.633Z error: WHERE parameter "categoryId" has invalid "undefined" value
    Error: WHERE parameter "categoryId" has invalid "undefined" value
        at MySQLQueryGenerator.whereItemQuery (C:\Users\Krystian\Desktop\AngularBlog\backend\node_modules\sequelize\src\dialects\abstract\query-generator.js:2445:13)
        at C:\Users\Krystian\Desktop\AngularBlog\backend\node_modules\sequelize\src\dialects\abstract\query-generator.js:2434:25
        at Array.forEach (<anonymous>)
        at MySQLQueryGenerator.whereItemsQuery (C:\Users\Krystian\Desktop\AngularBlog\backend\node_modules\sequelize\src\dialects\abstract\query-generator.js:2432:35)
        at MySQLQueryGenerator.getWhereConditions (C:\Users\Krystian\Desktop\AngularBlog\backend\node_modules\sequelize\src\dialects\abstract\query-generator.js:2860:19)
        at MySQLQueryGenerator.selectQuery (C:\Users\Krystian\Desktop\AngularBlog\backend\node_modules\sequelize\src\dialects\abstract\query-generator.js:1460:28)
        at MySQLQueryInterface.select (C:\Users\Krystian\Desktop\AngularBlog\backend\node_modules\sequelize\src\dialects\abstract\query-interface.js:1002:27)
        at Function.findAll (C:\Users\Krystian\Desktop\AngularBlog\backend\node_modules\sequelize\src\model.js:1824:47)
        at processTicksAndRejections (node:internal/process/task_queues:95:5)
2024-10-21T19:55:13.719Z error: WHERE parameter "categoryId" has invalid "undefined" value
    Error: WHERE parameter "categoryId" has invalid "undefined" value
        at MySQLQueryGenerator.whereItemQuery (C:\Users\Krystian\Desktop\AngularBlog\backend\node_modules\sequelize\src\dialects\abstract\query-generator.js:2445:13)
        at C:\Users\Krystian\Desktop\AngularBlog\backend\node_modules\sequelize\src\dialects\abstract\query-generator.js:2434:25
        at Array.forEach (<anonymous>)
        at MySQLQueryGenerator.whereItemsQuery (C:\Users\Krystian\Desktop\AngularBlog\backend\node_modules\sequelize\src\dialects\abstract\query-generator.js:2432:35)
        at MySQLQueryGenerator.getWhereConditions (C:\Users\Krystian\Desktop\AngularBlog\backend\node_modules\sequelize\src\dialects\abstract\query-generator.js:2860:19)
        at MySQLQueryGenerator.selectQuery (C:\Users\Krystian\Desktop\AngularBlog\backend\node_modules\sequelize\src\dialects\abstract\query-generator.js:1460:28)
        at MySQLQueryInterface.select (C:\Users\Krystian\Desktop\AngularBlog\backend\node_modules\sequelize\src\dialects\abstract\query-interface.js:1002:27)
        at Function.findAll (C:\Users\Krystian\Desktop\AngularBlog\backend\node_modules\sequelize\src\model.js:1824:47)
        at processTicksAndRejections (node:internal/process/task_queues:95:5)
2024-10-21T19:56:20.671Z error: WHERE parameter "categoryId" has invalid "undefined" value
    Error: WHERE parameter "categoryId" has invalid "undefined" value
        at MySQLQueryGenerator.whereItemQuery (C:\Users\Krystian\Desktop\AngularBlog\backend\node_modules\sequelize\src\dialects\abstract\query-generator.js:2445:13)
        at C:\Users\Krystian\Desktop\AngularBlog\backend\node_modules\sequelize\src\dialects\abstract\query-generator.js:2434:25
        at Array.forEach (<anonymous>)
        at MySQLQueryGenerator.whereItemsQuery (C:\Users\Krystian\Desktop\AngularBlog\backend\node_modules\sequelize\src\dialects\abstract\query-generator.js:2432:35)
        at MySQLQueryGenerator.getWhereConditions (C:\Users\Krystian\Desktop\AngularBlog\backend\node_modules\sequelize\src\dialects\abstract\query-generator.js:2860:19)
        at MySQLQueryGenerator.selectQuery (C:\Users\Krystian\Desktop\AngularBlog\backend\node_modules\sequelize\src\dialects\abstract\query-generator.js:1460:28)
        at MySQLQueryInterface.select (C:\Users\Krystian\Desktop\AngularBlog\backend\node_modules\sequelize\src\dialects\abstract\query-interface.js:1002:27)
        at Function.findAll (C:\Users\Krystian\Desktop\AngularBlog\backend\node_modules\sequelize\src\model.js:1824:47)
        at processTicksAndRejections (node:internal/process/task_queues:95:5)
2024-10-21T19:57:27.677Z error: WHERE parameter "categoryId" has invalid "undefined" value
    Error: WHERE parameter "categoryId" has invalid "undefined" value
        at MySQLQueryGenerator.whereItemQuery (C:\Users\Krystian\Desktop\AngularBlog\backend\node_modules\sequelize\src\dialects\abstract\query-generator.js:2445:13)
        at C:\Users\Krystian\Desktop\AngularBlog\backend\node_modules\sequelize\src\dialects\abstract\query-generator.js:2434:25
        at Array.forEach (<anonymous>)
        at MySQLQueryGenerator.whereItemsQuery (C:\Users\Krystian\Desktop\AngularBlog\backend\node_modules\sequelize\src\dialects\abstract\query-generator.js:2432:35)
        at MySQLQueryGenerator.getWhereConditions (C:\Users\Krystian\Desktop\AngularBlog\backend\node_modules\sequelize\src\dialects\abstract\query-generator.js:2860:19)
        at MySQLQueryGenerator.selectQuery (C:\Users\Krystian\Desktop\AngularBlog\backend\node_modules\sequelize\src\dialects\abstract\query-generator.js:1460:28)
        at MySQLQueryInterface.select (C:\Users\Krystian\Desktop\AngularBlog\backend\node_modules\sequelize\src\dialects\abstract\query-interface.js:1002:27)
        at Function.findAll (C:\Users\Krystian\Desktop\AngularBlog\backend\node_modules\sequelize\src\model.js:1824:47)
        at processTicksAndRejections (node:internal/process/task_queues:95:5)
2024-10-21T19:57:46.277Z error: WHERE parameter "categoryId" has invalid "undefined" value
    Error: WHERE parameter "categoryId" has invalid "undefined" value
        at MySQLQueryGenerator.whereItemQuery (C:\Users\Krystian\Desktop\AngularBlog\backend\node_modules\sequelize\src\dialects\abstract\query-generator.js:2445:13)
        at C:\Users\Krystian\Desktop\AngularBlog\backend\node_modules\sequelize\src\dialects\abstract\query-generator.js:2434:25
        at Array.forEach (<anonymous>)
        at MySQLQueryGenerator.whereItemsQuery (C:\Users\Krystian\Desktop\AngularBlog\backend\node_modules\sequelize\src\dialects\abstract\query-generator.js:2432:35)
        at MySQLQueryGenerator.getWhereConditions (C:\Users\Krystian\Desktop\AngularBlog\backend\node_modules\sequelize\src\dialects\abstract\query-generator.js:2860:19)
        at MySQLQueryGenerator.selectQuery (C:\Users\Krystian\Desktop\AngularBlog\backend\node_modules\sequelize\src\dialects\abstract\query-generator.js:1460:28)
        at MySQLQueryInterface.select (C:\Users\Krystian\Desktop\AngularBlog\backend\node_modules\sequelize\src\dialects\abstract\query-interface.js:1002:27)
        at Function.findAll (C:\Users\Krystian\Desktop\AngularBlog\backend\node_modules\sequelize\src\model.js:1824:47)
        at processTicksAndRejections (node:internal/process/task_queues:95:5)
2024-10-21T19:57:47.293Z error: WHERE parameter "categoryId" has invalid "undefined" value
    Error: WHERE parameter "categoryId" has invalid "undefined" value
        at MySQLQueryGenerator.whereItemQuery (C:\Users\Krystian\Desktop\AngularBlog\backend\node_modules\sequelize\src\dialects\abstract\query-generator.js:2445:13)
        at C:\Users\Krystian\Desktop\AngularBlog\backend\node_modules\sequelize\src\dialects\abstract\query-generator.js:2434:25
        at Array.forEach (<anonymous>)
        at MySQLQueryGenerator.whereItemsQuery (C:\Users\Krystian\Desktop\AngularBlog\backend\node_modules\sequelize\src\dialects\abstract\query-generator.js:2432:35)
        at MySQLQueryGenerator.getWhereConditions (C:\Users\Krystian\Desktop\AngularBlog\backend\node_modules\sequelize\src\dialects\abstract\query-generator.js:2860:19)
        at MySQLQueryGenerator.selectQuery (C:\Users\Krystian\Desktop\AngularBlog\backend\node_modules\sequelize\src\dialects\abstract\query-generator.js:1460:28)
        at MySQLQueryInterface.select (C:\Users\Krystian\Desktop\AngularBlog\backend\node_modules\sequelize\src\dialects\abstract\query-interface.js:1002:27)
        at Function.findAll (C:\Users\Krystian\Desktop\AngularBlog\backend\node_modules\sequelize\src\model.js:1824:47)
        at processTicksAndRejections (node:internal/process/task_queues:95:5)
2024-10-21T19:59:02.651Z error: WHERE parameter "categoryId" has invalid "undefined" value
    Error: WHERE parameter "categoryId" has invalid "undefined" value
        at MySQLQueryGenerator.whereItemQuery (C:\Users\Krystian\Desktop\AngularBlog\backend\node_modules\sequelize\src\dialects\abstract\query-generator.js:2445:13)
        at C:\Users\Krystian\Desktop\AngularBlog\backend\node_modules\sequelize\src\dialects\abstract\query-generator.js:2434:25
        at Array.forEach (<anonymous>)
        at MySQLQueryGenerator.whereItemsQuery (C:\Users\Krystian\Desktop\AngularBlog\backend\node_modules\sequelize\src\dialects\abstract\query-generator.js:2432:35)
        at MySQLQueryGenerator.getWhereConditions (C:\Users\Krystian\Desktop\AngularBlog\backend\node_modules\sequelize\src\dialects\abstract\query-generator.js:2860:19)
        at MySQLQueryGenerator.selectQuery (C:\Users\Krystian\Desktop\AngularBlog\backend\node_modules\sequelize\src\dialects\abstract\query-generator.js:1460:28)
        at MySQLQueryInterface.select (C:\Users\Krystian\Desktop\AngularBlog\backend\node_modules\sequelize\src\dialects\abstract\query-interface.js:1002:27)
        at Function.findAll (C:\Users\Krystian\Desktop\AngularBlog\backend\node_modules\sequelize\src\model.js:1824:47)
        at processTicksAndRejections (node:internal/process/task_queues:95:5)
2024-10-21T19:59:05.675Z error: WHERE parameter "categoryId" has invalid "undefined" value
    Error: WHERE parameter "categoryId" has invalid "undefined" value
        at MySQLQueryGenerator.whereItemQuery (C:\Users\Krystian\Desktop\AngularBlog\backend\node_modules\sequelize\src\dialects\abstract\query-generator.js:2445:13)
        at C:\Users\Krystian\Desktop\AngularBlog\backend\node_modules\sequelize\src\dialects\abstract\query-generator.js:2434:25
        at Array.forEach (<anonymous>)
        at MySQLQueryGenerator.whereItemsQuery (C:\Users\Krystian\Desktop\AngularBlog\backend\node_modules\sequelize\src\dialects\abstract\query-generator.js:2432:35)
        at MySQLQueryGenerator.getWhereConditions (C:\Users\Krystian\Desktop\AngularBlog\backend\node_modules\sequelize\src\dialects\abstract\query-generator.js:2860:19)
        at MySQLQueryGenerator.selectQuery (C:\Users\Krystian\Desktop\AngularBlog\backend\node_modules\sequelize\src\dialects\abstract\query-generator.js:1460:28)
        at MySQLQueryInterface.select (C:\Users\Krystian\Desktop\AngularBlog\backend\node_modules\sequelize\src\dialects\abstract\query-interface.js:1002:27)
        at Function.findAll (C:\Users\Krystian\Desktop\AngularBlog\backend\node_modules\sequelize\src\model.js:1824:47)
        at processTicksAndRejections (node:internal/process/task_queues:95:5)
2024-10-21T19:59:41.974Z error: WHERE parameter "categoryId" has invalid "undefined" value
    Error: WHERE parameter "categoryId" has invalid "undefined" value
        at MySQLQueryGenerator.whereItemQuery (C:\Users\Krystian\Desktop\AngularBlog\backend\node_modules\sequelize\src\dialects\abstract\query-generator.js:2445:13)
        at C:\Users\Krystian\Desktop\AngularBlog\backend\node_modules\sequelize\src\dialects\abstract\query-generator.js:2434:25
        at Array.forEach (<anonymous>)
        at MySQLQueryGenerator.whereItemsQuery (C:\Users\Krystian\Desktop\AngularBlog\backend\node_modules\sequelize\src\dialects\abstract\query-generator.js:2432:35)
        at MySQLQueryGenerator.getWhereConditions (C:\Users\Krystian\Desktop\AngularBlog\backend\node_modules\sequelize\src\dialects\abstract\query-generator.js:2860:19)
        at MySQLQueryGenerator.selectQuery (C:\Users\Krystian\Desktop\AngularBlog\backend\node_modules\sequelize\src\dialects\abstract\query-generator.js:1460:28)
        at MySQLQueryInterface.select (C:\Users\Krystian\Desktop\AngularBlog\backend\node_modules\sequelize\src\dialects\abstract\query-interface.js:1002:27)
        at Function.findAll (C:\Users\Krystian\Desktop\AngularBlog\backend\node_modules\sequelize\src\model.js:1824:47)
        at processTicksAndRejections (node:internal/process/task_queues:95:5)
2024-10-21T20:03:25.700Z error: WHERE parameter "categoryId" has invalid "undefined" value
    Error: WHERE parameter "categoryId" has invalid "undefined" value
        at MySQLQueryGenerator.whereItemQuery (C:\Users\Krystian\Desktop\AngularBlog\backend\node_modules\sequelize\src\dialects\abstract\query-generator.js:2445:13)
        at C:\Users\Krystian\Desktop\AngularBlog\backend\node_modules\sequelize\src\dialects\abstract\query-generator.js:2434:25
        at Array.forEach (<anonymous>)
        at MySQLQueryGenerator.whereItemsQuery (C:\Users\Krystian\Desktop\AngularBlog\backend\node_modules\sequelize\src\dialects\abstract\query-generator.js:2432:35)
        at MySQLQueryGenerator.getWhereConditions (C:\Users\Krystian\Desktop\AngularBlog\backend\node_modules\sequelize\src\dialects\abstract\query-generator.js:2860:19)
        at MySQLQueryGenerator.selectQuery (C:\Users\Krystian\Desktop\AngularBlog\backend\node_modules\sequelize\src\dialects\abstract\query-generator.js:1460:28)
        at MySQLQueryInterface.select (C:\Users\Krystian\Desktop\AngularBlog\backend\node_modules\sequelize\src\dialects\abstract\query-interface.js:1002:27)
        at Function.findAll (C:\Users\Krystian\Desktop\AngularBlog\backend\node_modules\sequelize\src\model.js:1824:47)
        at processTicksAndRejections (node:internal/process/task_queues:95:5)
2024-10-21T20:07:45.699Z error: WHERE parameter "categoryId" has invalid "undefined" value
    Error: WHERE parameter "categoryId" has invalid "undefined" value
        at MySQLQueryGenerator.whereItemQuery (C:\Users\Krystian\Desktop\AngularBlog\backend\node_modules\sequelize\src\dialects\abstract\query-generator.js:2445:13)
        at C:\Users\Krystian\Desktop\AngularBlog\backend\node_modules\sequelize\src\dialects\abstract\query-generator.js:2434:25
        at Array.forEach (<anonymous>)
        at MySQLQueryGenerator.whereItemsQuery (C:\Users\Krystian\Desktop\AngularBlog\backend\node_modules\sequelize\src\dialects\abstract\query-generator.js:2432:35)
        at MySQLQueryGenerator.getWhereConditions (C:\Users\Krystian\Desktop\AngularBlog\backend\node_modules\sequelize\src\dialects\abstract\query-generator.js:2860:19)
        at MySQLQueryGenerator.selectQuery (C:\Users\Krystian\Desktop\AngularBlog\backend\node_modules\sequelize\src\dialects\abstract\query-generator.js:1460:28)
        at MySQLQueryInterface.select (C:\Users\Krystian\Desktop\AngularBlog\backend\node_modules\sequelize\src\dialects\abstract\query-interface.js:1002:27)
        at Function.findAll (C:\Users\Krystian\Desktop\AngularBlog\backend\node_modules\sequelize\src\model.js:1824:47)
        at processTicksAndRejections (node:internal/process/task_queues:95:5)
2024-10-21T20:08:23.733Z error: WHERE parameter "categoryId" has invalid "undefined" value
    Error: WHERE parameter "categoryId" has invalid "undefined" value
        at MySQLQueryGenerator.whereItemQuery (C:\Users\Krystian\Desktop\AngularBlog\backend\node_modules\sequelize\src\dialects\abstract\query-generator.js:2445:13)
        at C:\Users\Krystian\Desktop\AngularBlog\backend\node_modules\sequelize\src\dialects\abstract\query-generator.js:2434:25
        at Array.forEach (<anonymous>)
        at MySQLQueryGenerator.whereItemsQuery (C:\Users\Krystian\Desktop\AngularBlog\backend\node_modules\sequelize\src\dialects\abstract\query-generator.js:2432:35)
        at MySQLQueryGenerator.getWhereConditions (C:\Users\Krystian\Desktop\AngularBlog\backend\node_modules\sequelize\src\dialects\abstract\query-generator.js:2860:19)
        at MySQLQueryGenerator.selectQuery (C:\Users\Krystian\Desktop\AngularBlog\backend\node_modules\sequelize\src\dialects\abstract\query-generator.js:1460:28)
        at MySQLQueryInterface.select (C:\Users\Krystian\Desktop\AngularBlog\backend\node_modules\sequelize\src\dialects\abstract\query-interface.js:1002:27)
        at Function.findAll (C:\Users\Krystian\Desktop\AngularBlog\backend\node_modules\sequelize\src\model.js:1824:47)
        at processTicksAndRejections (node:internal/process/task_queues:95:5)
2024-10-21T20:12:40.887Z error: WHERE parameter "categoryId" has invalid "undefined" value
    Error: WHERE parameter "categoryId" has invalid "undefined" value
        at MySQLQueryGenerator.whereItemQuery (C:\Users\Krystian\Desktop\AngularBlog\backend\node_modules\sequelize\src\dialects\abstract\query-generator.js:2445:13)
        at C:\Users\Krystian\Desktop\AngularBlog\backend\node_modules\sequelize\src\dialects\abstract\query-generator.js:2434:25
        at Array.forEach (<anonymous>)
        at MySQLQueryGenerator.whereItemsQuery (C:\Users\Krystian\Desktop\AngularBlog\backend\node_modules\sequelize\src\dialects\abstract\query-generator.js:2432:35)
        at MySQLQueryGenerator.getWhereConditions (C:\Users\Krystian\Desktop\AngularBlog\backend\node_modules\sequelize\src\dialects\abstract\query-generator.js:2860:19)
        at MySQLQueryGenerator.selectQuery (C:\Users\Krystian\Desktop\AngularBlog\backend\node_modules\sequelize\src\dialects\abstract\query-generator.js:1460:28)
        at MySQLQueryInterface.select (C:\Users\Krystian\Desktop\AngularBlog\backend\node_modules\sequelize\src\dialects\abstract\query-interface.js:1002:27)
        at Function.findAll (C:\Users\Krystian\Desktop\AngularBlog\backend\node_modules\sequelize\src\model.js:1824:47)
        at processTicksAndRejections (node:internal/process/task_queues:95:5)
2024-10-21T20:12:49.211Z error: WHERE parameter "categoryId" has invalid "undefined" value
    Error: WHERE parameter "categoryId" has invalid "undefined" value
        at MySQLQueryGenerator.whereItemQuery (C:\Users\Krystian\Desktop\AngularBlog\backend\node_modules\sequelize\src\dialects\abstract\query-generator.js:2445:13)
        at C:\Users\Krystian\Desktop\AngularBlog\backend\node_modules\sequelize\src\dialects\abstract\query-generator.js:2434:25
        at Array.forEach (<anonymous>)
        at MySQLQueryGenerator.whereItemsQuery (C:\Users\Krystian\Desktop\AngularBlog\backend\node_modules\sequelize\src\dialects\abstract\query-generator.js:2432:35)
        at MySQLQueryGenerator.getWhereConditions (C:\Users\Krystian\Desktop\AngularBlog\backend\node_modules\sequelize\src\dialects\abstract\query-generator.js:2860:19)
        at MySQLQueryGenerator.selectQuery (C:\Users\Krystian\Desktop\AngularBlog\backend\node_modules\sequelize\src\dialects\abstract\query-generator.js:1460:28)
        at MySQLQueryInterface.select (C:\Users\Krystian\Desktop\AngularBlog\backend\node_modules\sequelize\src\dialects\abstract\query-interface.js:1002:27)
        at Function.findAll (C:\Users\Krystian\Desktop\AngularBlog\backend\node_modules\sequelize\src\model.js:1824:47)
        at processTicksAndRejections (node:internal/process/task_queues:95:5)
2024-10-21T20:18:01.055Z error: WHERE parameter "categoryId" has invalid "undefined" value
    Error: WHERE parameter "categoryId" has invalid "undefined" value
        at MySQLQueryGenerator.whereItemQuery (C:\Users\Krystian\Desktop\AngularBlog\backend\node_modules\sequelize\src\dialects\abstract\query-generator.js:2445:13)
        at C:\Users\Krystian\Desktop\AngularBlog\backend\node_modules\sequelize\src\dialects\abstract\query-generator.js:2434:25
        at Array.forEach (<anonymous>)
        at MySQLQueryGenerator.whereItemsQuery (C:\Users\Krystian\Desktop\AngularBlog\backend\node_modules\sequelize\src\dialects\abstract\query-generator.js:2432:35)
        at MySQLQueryGenerator.getWhereConditions (C:\Users\Krystian\Desktop\AngularBlog\backend\node_modules\sequelize\src\dialects\abstract\query-generator.js:2860:19)
        at MySQLQueryGenerator.selectQuery (C:\Users\Krystian\Desktop\AngularBlog\backend\node_modules\sequelize\src\dialects\abstract\query-generator.js:1460:28)
        at MySQLQueryInterface.select (C:\Users\Krystian\Desktop\AngularBlog\backend\node_modules\sequelize\src\dialects\abstract\query-interface.js:1002:27)
        at Function.findAll (C:\Users\Krystian\Desktop\AngularBlog\backend\node_modules\sequelize\src\model.js:1824:47)
        at processTicksAndRejections (node:internal/process/task_queues:95:5)
2024-10-21T21:33:42.681Z error: Cannot set headers after they are sent to the client
    Error: Cannot set headers after they are sent to the client
        at ServerResponse.setHeader (node:_http_outgoing:655:11)
        at ServerResponse.header (C:\Users\Krystian\Desktop\AngularBlog\backend\node_modules\express\lib\response.js:794:10)
        at ServerResponse.send (C:\Users\Krystian\Desktop\AngularBlog\backend\node_modules\express\lib\response.js:174:12)
        at ServerResponse.json (C:\Users\Krystian\Desktop\AngularBlog\backend\node_modules\express\lib\response.js:278:15)
        at C:\Users\Krystian\Desktop\AngularBlog\backend\src\controllers\tag.controller.ts:162:14
        at Generator.next (<anonymous>)
        at fulfilled (C:\Users\Krystian\Desktop\AngularBlog\backend\src\controllers\tag.controller.ts:5:58)
        at processTicksAndRejections (node:internal/process/task_queues:95:5)
2024-10-24T19:37:05.140Z error: Cannot set headers after they are sent to the client
    Error: Cannot set headers after they are sent to the client
        at ServerResponse.setHeader (node:_http_outgoing:655:11)
        at ServerResponse.header (C:\Users\Krystian\Desktop\AngularBlog\backend\node_modules\express\lib\response.js:794:10)
        at ServerResponse.send (C:\Users\Krystian\Desktop\AngularBlog\backend\node_modules\express\lib\response.js:174:12)
        at ServerResponse.json (C:\Users\Krystian\Desktop\AngularBlog\backend\node_modules\express\lib\response.js:278:15)
        at C:\Users\Krystian\Desktop\AngularBlog\backend\src\controllers\tag.controller.ts:162:14
        at Generator.next (<anonymous>)
        at fulfilled (C:\Users\Krystian\Desktop\AngularBlog\backend\src\controllers\tag.controller.ts:5:58)
        at processTicksAndRejections (node:internal/process/task_queues:95:5)
2024-10-27T21:00:25.416Z error: Unknown column 'Category.DESC' in 'order clause'
    Error
        at Query.run (C:\Users\Krystian\Desktop\AngularBlog\backend\node_modules\sequelize\src\dialects\mysql\query.js:46:25)
        at C:\Users\Krystian\Desktop\AngularBlog\backend\node_modules\sequelize\src\sequelize.js:650:28
        at processTicksAndRejections (node:internal/process/task_queues:95:5)
        at async MySQLQueryInterface.select (C:\Users\Krystian\Desktop\AngularBlog\backend\node_modules\sequelize\src\dialects\abstract\query-interface.js:1001:12)
        at async Function.findAll (C:\Users\Krystian\Desktop\AngularBlog\backend\node_modules\sequelize\src\model.js:1824:21)
2024-10-27T21:00:47.514Z error: Unknown column 'Category.DESC' in 'order clause'
    Error
        at Query.run (C:\Users\Krystian\Desktop\AngularBlog\backend\node_modules\sequelize\src\dialects\mysql\query.js:46:25)
        at C:\Users\Krystian\Desktop\AngularBlog\backend\node_modules\sequelize\src\sequelize.js:650:28
        at processTicksAndRejections (node:internal/process/task_queues:95:5)
        at async MySQLQueryInterface.select (C:\Users\Krystian\Desktop\AngularBlog\backend\node_modules\sequelize\src\dialects\abstract\query-interface.js:1001:12)
        at async Function.findAll (C:\Users\Krystian\Desktop\AngularBlog\backend\node_modules\sequelize\src\model.js:1824:21)
2024-10-27T21:01:52.589Z error: Unknown column 'Category.DESC' in 'order clause'
    Error
        at Query.run (C:\Users\Krystian\Desktop\AngularBlog\backend\node_modules\sequelize\src\dialects\mysql\query.js:46:25)
        at C:\Users\Krystian\Desktop\AngularBlog\backend\node_modules\sequelize\src\sequelize.js:650:28
        at processTicksAndRejections (node:internal/process/task_queues:95:5)
        at async MySQLQueryInterface.select (C:\Users\Krystian\Desktop\AngularBlog\backend\node_modules\sequelize\src\dialects\abstract\query-interface.js:1001:12)
        at async Function.findAll (C:\Users\Krystian\Desktop\AngularBlog\backend\node_modules\sequelize\src\model.js:1824:21)
2024-10-29T19:23:29.991Z error: Cannot read properties of undefined (reading 'id')
    TypeError: Cannot read properties of undefined (reading 'id')
        at C:\Users\Krystian\Desktop\AngularBlog\backend\src\controllers\post.constroller.ts:44:18
        at Generator.next (<anonymous>)
        at C:\Users\Krystian\Desktop\AngularBlog\backend\src\controllers\post.constroller.ts:8:71
        at new Promise (<anonymous>)
        at __awaiter (C:\Users\Krystian\Desktop\AngularBlog\backend\src\controllers\post.constroller.ts:4:12)
        at getAllPostsController (C:\Users\Krystian\Desktop\AngularBlog\backend\src\controllers\post.constroller.ts:22:76)
        at newFn (C:\Users\Krystian\Desktop\AngularBlog\backend\node_modules\express-async-errors\index.js:16:20)
        at Layer.handle [as handle_request] (C:\Users\Krystian\Desktop\AngularBlog\backend\node_modules\express\lib\router\layer.js:95:5)
        at next (C:\Users\Krystian\Desktop\AngularBlog\backend\node_modules\express\lib\router\route.js:149:13)
        at C:\Users\Krystian\Desktop\AngularBlog\backend\src\shared\auth.util.ts:91:5
2024-10-29T21:13:16.063Z error: Cannot read properties of undefined (reading 'id')
    TypeError: Cannot read properties of undefined (reading 'id')
        at C:\Users\Krystian\Desktop\AngularBlog\backend\src\controllers\post.constroller.ts:44:18
        at Generator.next (<anonymous>)
        at C:\Users\Krystian\Desktop\AngularBlog\backend\src\controllers\post.constroller.ts:8:71
        at new Promise (<anonymous>)
        at __awaiter (C:\Users\Krystian\Desktop\AngularBlog\backend\src\controllers\post.constroller.ts:4:12)
        at getAllPostsController (C:\Users\Krystian\Desktop\AngularBlog\backend\src\controllers\post.constroller.ts:22:76)
        at newFn (C:\Users\Krystian\Desktop\AngularBlog\backend\node_modules\express-async-errors\index.js:16:20)
        at Layer.handle [as handle_request] (C:\Users\Krystian\Desktop\AngularBlog\backend\node_modules\express\lib\router\layer.js:95:5)
        at next (C:\Users\Krystian\Desktop\AngularBlog\backend\node_modules\express\lib\router\route.js:149:13)
        at C:\Users\Krystian\Desktop\AngularBlog\backend\src\shared\auth.util.ts:91:5
2024-10-30T01:01:05.084Z error: ENOENT: no such file or directory, stat 'C:\Users\Krystian\Desktop\AngularBlog\backend\frontend\dist\frontend\index.html'
    Error: ENOENT: no such file or directory, stat 'C:\Users\Krystian\Desktop\AngularBlog\backend\frontend\dist\frontend\index.html'
2024-10-30T01:01:16.745Z error: ENOENT: no such file or directory, stat 'C:\Users\Krystian\Desktop\AngularBlog\backend\frontend\dist\frontend\index.html'
    Error: ENOENT: no such file or directory, stat 'C:\Users\Krystian\Desktop\AngularBlog\backend\frontend\dist\frontend\index.html'
2024-10-30T01:01:16.884Z error: ENOENT: no such file or directory, stat 'C:\Users\Krystian\Desktop\AngularBlog\backend\frontend\dist\frontend\index.html'
    Error: ENOENT: no such file or directory, stat 'C:\Users\Krystian\Desktop\AngularBlog\backend\frontend\dist\frontend\index.html'
2024-10-30T01:05:23.994Z error: ENOENT: no such file or directory, stat 'C:\Users\Krystian\Desktop\AngularBlog\backend\frontend\dist\frontend\index.html'
    Error: ENOENT: no such file or directory, stat 'C:\Users\Krystian\Desktop\AngularBlog\backend\frontend\dist\frontend\index.html'
2024-10-30T01:05:24.348Z error: ENOENT: no such file or directory, stat 'C:\Users\Krystian\Desktop\AngularBlog\backend\frontend\dist\frontend\index.html'
    Error: ENOENT: no such file or directory, stat 'C:\Users\Krystian\Desktop\AngularBlog\backend\frontend\dist\frontend\index.html'
2024-10-30T01:05:26.500Z error: ENOENT: no such file or directory, stat 'C:\Users\Krystian\Desktop\AngularBlog\backend\frontend\dist\frontend\index.html'
    Error: ENOENT: no such file or directory, stat 'C:\Users\Krystian\Desktop\AngularBlog\backend\frontend\dist\frontend\index.html'
2024-10-30T01:05:26.897Z error: ENOENT: no such file or directory, stat 'C:\Users\Krystian\Desktop\AngularBlog\backend\frontend\dist\frontend\index.html'
    Error: ENOENT: no such file or directory, stat 'C:\Users\Krystian\Desktop\AngularBlog\backend\frontend\dist\frontend\index.html'
2024-10-30T01:12:29.747Z error: ENOENT: no such file or directory, stat 'C:\Users\Krystian\Desktop\AngularBlog\frontend\dist\frontend\index.html'
    Error: ENOENT: no such file or directory, stat 'C:\Users\Krystian\Desktop\AngularBlog\frontend\dist\frontend\index.html'
2024-10-30T01:12:30.103Z error: ENOENT: no such file or directory, stat 'C:\Users\Krystian\Desktop\AngularBlog\frontend\dist\frontend\index.html'
    Error: ENOENT: no such file or directory, stat 'C:\Users\Krystian\Desktop\AngularBlog\frontend\dist\frontend\index.html'
2024-10-30T01:12:32.144Z error: ENOENT: no such file or directory, stat 'C:\Users\Krystian\Desktop\AngularBlog\frontend\dist\frontend\index.html'
    Error: ENOENT: no such file or directory, stat 'C:\Users\Krystian\Desktop\AngularBlog\frontend\dist\frontend\index.html'
2024-10-30T01:12:32.544Z error: ENOENT: no such file or directory, stat 'C:\Users\Krystian\Desktop\AngularBlog\frontend\dist\frontend\index.html'
    Error: ENOENT: no such file or directory, stat 'C:\Users\Krystian\Desktop\AngularBlog\frontend\dist\frontend\index.html'
2024-10-30T01:13:01.395Z error: ENOENT: no such file or directory, stat 'C:\Users\Krystian\Desktop\AngularBlog\frontend\dist\frontend\index.html'
    Error: ENOENT: no such file or directory, stat 'C:\Users\Krystian\Desktop\AngularBlog\frontend\dist\frontend\index.html'
2024-10-30T01:13:01.661Z error: ENOENT: no such file or directory, stat 'C:\Users\Krystian\Desktop\AngularBlog\frontend\dist\frontend\index.html'
    Error: ENOENT: no such file or directory, stat 'C:\Users\Krystian\Desktop\AngularBlog\frontend\dist\frontend\index.html'
2024-10-30T01:20:36.344Z error: Unknown column 'Tag.DESC' in 'order clause'
    Error
        at Query.run (C:\Users\Krystian\Desktop\AngularBlog\backend\node_modules\sequelize\src\dialects\mysql\query.js:46:25)
        at C:\Users\Krystian\Desktop\AngularBlog\backend\node_modules\sequelize\src\sequelize.js:650:28
        at processTicksAndRejections (node:internal/process/task_queues:95:5)
        at async MySQLQueryInterface.select (C:\Users\Krystian\Desktop\AngularBlog\backend\node_modules\sequelize\src\dialects\abstract\query-interface.js:1001:12)
        at async Function.findAll (C:\Users\Krystian\Desktop\AngularBlog\backend\node_modules\sequelize\src\model.js:1824:21)
2024-10-30T01:20:44.581Z error: Unknown column 'Tag.DESC' in 'order clause'
    Error
        at Query.run (C:\Users\Krystian\Desktop\AngularBlog\backend\node_modules\sequelize\src\dialects\mysql\query.js:46:25)
        at C:\Users\Krystian\Desktop\AngularBlog\backend\node_modules\sequelize\src\sequelize.js:650:28
        at processTicksAndRejections (node:internal/process/task_queues:95:5)
        at async MySQLQueryInterface.select (C:\Users\Krystian\Desktop\AngularBlog\backend\node_modules\sequelize\src\dialects\abstract\query-interface.js:1001:12)
        at async Function.findAll (C:\Users\Krystian\Desktop\AngularBlog\backend\node_modules\sequelize\src\model.js:1824:21)
2024-10-30T01:21:19.164Z error: Unknown column 'Tag.DESC' in 'order clause'
    Error
        at Query.run (C:\Users\Krystian\Desktop\AngularBlog\backend\node_modules\sequelize\src\dialects\mysql\query.js:46:25)
        at C:\Users\Krystian\Desktop\AngularBlog\backend\node_modules\sequelize\src\sequelize.js:650:28
        at processTicksAndRejections (node:internal/process/task_queues:95:5)
        at async MySQLQueryInterface.select (C:\Users\Krystian\Desktop\AngularBlog\backend\node_modules\sequelize\src\dialects\abstract\query-interface.js:1001:12)
        at async Function.findAll (C:\Users\Krystian\Desktop\AngularBlog\backend\node_modules\sequelize\src\model.js:1824:21)
2024-10-30T16:56:05.854Z error: getaddrinfo ENOTFOUND mysql
    SequelizeHostNotFoundError: getaddrinfo ENOTFOUND mysql
        at ConnectionManager.connect (C:\Users\Krystian\Desktop\AngularBlog\backend\node_modules\sequelize\src\dialects\mysql\connection-manager.js:120:17)
        at processTicksAndRejections (node:internal/process/task_queues:95:5)
        at async ConnectionManager._connect (C:\Users\Krystian\Desktop\AngularBlog\backend\node_modules\sequelize\src\dialects\abstract\connection-manager.js:332:24)
        at async C:\Users\Krystian\Desktop\AngularBlog\backend\node_modules\sequelize\src\dialects\abstract\connection-manager.js:250:32
2024-10-30T19:49:41.663Z error: Unknown column 'Tag.DESC' in 'order clause'
    Error
        at Query.run (C:\Users\Krystian\Desktop\AngularBlog\backend\node_modules\sequelize\src\dialects\mysql\query.js:46:25)
        at C:\Users\Krystian\Desktop\AngularBlog\backend\node_modules\sequelize\src\sequelize.js:650:28
        at processTicksAndRejections (node:internal/process/task_queues:95:5)
        at async MySQLQueryInterface.select (C:\Users\Krystian\Desktop\AngularBlog\backend\node_modules\sequelize\src\dialects\abstract\query-interface.js:1001:12)
        at async Function.findAll (C:\Users\Krystian\Desktop\AngularBlog\backend\node_modules\sequelize\src\model.js:1824:21)
2024-10-30T20:42:40.389Z error: Unknown column 'Tag.DESC' in 'order clause'
    Error
        at Query.run (C:\Users\Krystian\Desktop\AngularBlog\backend\node_modules\sequelize\src\dialects\mysql\query.js:46:25)
        at C:\Users\Krystian\Desktop\AngularBlog\backend\node_modules\sequelize\src\sequelize.js:650:28
        at processTicksAndRejections (node:internal/process/task_queues:95:5)
        at async MySQLQueryInterface.select (C:\Users\Krystian\Desktop\AngularBlog\backend\node_modules\sequelize\src\dialects\abstract\query-interface.js:1001:12)
        at async Function.findAll (C:\Users\Krystian\Desktop\AngularBlog\backend\node_modules\sequelize\src\model.js:1824:21)
2024-10-30T20:44:18.455Z error: Unknown column 'Tag.DESC' in 'order clause'
    Error
        at Query.run (C:\Users\Krystian\Desktop\AngularBlog\backend\node_modules\sequelize\src\dialects\mysql\query.js:46:25)
        at C:\Users\Krystian\Desktop\AngularBlog\backend\node_modules\sequelize\src\sequelize.js:650:28
        at processTicksAndRejections (node:internal/process/task_queues:95:5)
        at async MySQLQueryInterface.select (C:\Users\Krystian\Desktop\AngularBlog\backend\node_modules\sequelize\src\dialects\abstract\query-interface.js:1001:12)
        at async Function.findAll (C:\Users\Krystian\Desktop\AngularBlog\backend\node_modules\sequelize\src\model.js:1824:21)
2024-10-30T20:44:23.186Z error: Unknown column 'Tag.DESC' in 'order clause'
    Error
        at Query.run (C:\Users\Krystian\Desktop\AngularBlog\backend\node_modules\sequelize\src\dialects\mysql\query.js:46:25)
        at C:\Users\Krystian\Desktop\AngularBlog\backend\node_modules\sequelize\src\sequelize.js:650:28
        at processTicksAndRejections (node:internal/process/task_queues:95:5)
        at async MySQLQueryInterface.select (C:\Users\Krystian\Desktop\AngularBlog\backend\node_modules\sequelize\src\dialects\abstract\query-interface.js:1001:12)
        at async Function.findAll (C:\Users\Krystian\Desktop\AngularBlog\backend\node_modules\sequelize\src\model.js:1824:21)
2024-10-30T20:44:26.586Z error: Unknown column 'Tag.DESC' in 'order clause'
    Error
        at Query.run (C:\Users\Krystian\Desktop\AngularBlog\backend\node_modules\sequelize\src\dialects\mysql\query.js:46:25)
        at C:\Users\Krystian\Desktop\AngularBlog\backend\node_modules\sequelize\src\sequelize.js:650:28
        at processTicksAndRejections (node:internal/process/task_queues:95:5)
        at async MySQLQueryInterface.select (C:\Users\Krystian\Desktop\AngularBlog\backend\node_modules\sequelize\src\dialects\abstract\query-interface.js:1001:12)
        at async Function.findAll (C:\Users\Krystian\Desktop\AngularBlog\backend\node_modules\sequelize\src\model.js:1824:21)
2024-10-30T20:44:33.317Z error: Unknown column 'Tag.DESC' in 'order clause'
    Error
        at Query.run (C:\Users\Krystian\Desktop\AngularBlog\backend\node_modules\sequelize\src\dialects\mysql\query.js:46:25)
        at C:\Users\Krystian\Desktop\AngularBlog\backend\node_modules\sequelize\src\sequelize.js:650:28
        at processTicksAndRejections (node:internal/process/task_queues:95:5)
        at async MySQLQueryInterface.select (C:\Users\Krystian\Desktop\AngularBlog\backend\node_modules\sequelize\src\dialects\abstract\query-interface.js:1001:12)
        at async Function.findAll (C:\Users\Krystian\Desktop\AngularBlog\backend\node_modules\sequelize\src\model.js:1824:21)
2024-10-30T20:44:36.094Z error: Unknown column 'Tag.DESC' in 'order clause'
    Error
        at Query.run (C:\Users\Krystian\Desktop\AngularBlog\backend\node_modules\sequelize\src\dialects\mysql\query.js:46:25)
        at C:\Users\Krystian\Desktop\AngularBlog\backend\node_modules\sequelize\src\sequelize.js:650:28
        at processTicksAndRejections (node:internal/process/task_queues:95:5)
        at async MySQLQueryInterface.select (C:\Users\Krystian\Desktop\AngularBlog\backend\node_modules\sequelize\src\dialects\abstract\query-interface.js:1001:12)
        at async Function.findAll (C:\Users\Krystian\Desktop\AngularBlog\backend\node_modules\sequelize\src\model.js:1824:21)
2024-10-30T20:45:03.221Z error: Unknown column 'Tag.DESC' in 'order clause'
    Error
        at Query.run (C:\Users\Krystian\Desktop\AngularBlog\backend\node_modules\sequelize\src\dialects\mysql\query.js:46:25)
        at C:\Users\Krystian\Desktop\AngularBlog\backend\node_modules\sequelize\src\sequelize.js:650:28
        at processTicksAndRejections (node:internal/process/task_queues:95:5)
        at async MySQLQueryInterface.select (C:\Users\Krystian\Desktop\AngularBlog\backend\node_modules\sequelize\src\dialects\abstract\query-interface.js:1001:12)
        at async Function.findAll (C:\Users\Krystian\Desktop\AngularBlog\backend\node_modules\sequelize\src\model.js:1824:21)
2024-10-30T20:45:34.792Z error: Unknown column 'Tag.DESC' in 'order clause'
    Error
        at Query.run (C:\Users\Krystian\Desktop\AngularBlog\backend\node_modules\sequelize\src\dialects\mysql\query.js:46:25)
        at C:\Users\Krystian\Desktop\AngularBlog\backend\node_modules\sequelize\src\sequelize.js:650:28
        at processTicksAndRejections (node:internal/process/task_queues:95:5)
        at async MySQLQueryInterface.select (C:\Users\Krystian\Desktop\AngularBlog\backend\node_modules\sequelize\src\dialects\abstract\query-interface.js:1001:12)
        at async Function.findAll (C:\Users\Krystian\Desktop\AngularBlog\backend\node_modules\sequelize\src\model.js:1824:21)
2024-10-30T20:45:51.530Z error: Unknown column 'Tag.DESC' in 'order clause'
    Error
        at Query.run (C:\Users\Krystian\Desktop\AngularBlog\backend\node_modules\sequelize\src\dialects\mysql\query.js:46:25)
        at C:\Users\Krystian\Desktop\AngularBlog\backend\node_modules\sequelize\src\sequelize.js:650:28
        at processTicksAndRejections (node:internal/process/task_queues:95:5)
        at async MySQLQueryInterface.select (C:\Users\Krystian\Desktop\AngularBlog\backend\node_modules\sequelize\src\dialects\abstract\query-interface.js:1001:12)
        at async Function.findAll (C:\Users\Krystian\Desktop\AngularBlog\backend\node_modules\sequelize\src\model.js:1824:21)
2024-10-30T20:47:52.104Z error: Unknown column 'Tag.DESC' in 'order clause'
    Error
        at Query.run (C:\Users\Krystian\Desktop\AngularBlog\backend\node_modules\sequelize\src\dialects\mysql\query.js:46:25)
        at C:\Users\Krystian\Desktop\AngularBlog\backend\node_modules\sequelize\src\sequelize.js:650:28
        at processTicksAndRejections (node:internal/process/task_queues:95:5)
        at async MySQLQueryInterface.select (C:\Users\Krystian\Desktop\AngularBlog\backend\node_modules\sequelize\src\dialects\abstract\query-interface.js:1001:12)
        at async Function.findAll (C:\Users\Krystian\Desktop\AngularBlog\backend\node_modules\sequelize\src\model.js:1824:21)
2024-10-30T20:48:07.940Z error: Unknown column 'Tag.DESC' in 'order clause'
    Error
        at Query.run (C:\Users\Krystian\Desktop\AngularBlog\backend\node_modules\sequelize\src\dialects\mysql\query.js:46:25)
        at C:\Users\Krystian\Desktop\AngularBlog\backend\node_modules\sequelize\src\sequelize.js:650:28
        at processTicksAndRejections (node:internal/process/task_queues:95:5)
        at async MySQLQueryInterface.select (C:\Users\Krystian\Desktop\AngularBlog\backend\node_modules\sequelize\src\dialects\abstract\query-interface.js:1001:12)
        at async Function.findAll (C:\Users\Krystian\Desktop\AngularBlog\backend\node_modules\sequelize\src\model.js:1824:21)
2024-10-30T20:48:50.132Z error: Unknown column 'Tag.DESC' in 'order clause'
    Error
        at Query.run (C:\Users\Krystian\Desktop\AngularBlog\backend\node_modules\sequelize\src\dialects\mysql\query.js:46:25)
        at C:\Users\Krystian\Desktop\AngularBlog\backend\node_modules\sequelize\src\sequelize.js:650:28
        at processTicksAndRejections (node:internal/process/task_queues:95:5)
        at async MySQLQueryInterface.select (C:\Users\Krystian\Desktop\AngularBlog\backend\node_modules\sequelize\src\dialects\abstract\query-interface.js:1001:12)
        at async Function.findAll (C:\Users\Krystian\Desktop\AngularBlog\backend\node_modules\sequelize\src\model.js:1824:21)
2024-10-30T20:49:22.819Z error: Unknown column 'Tag.DESC' in 'order clause'
    Error
        at Query.run (C:\Users\Krystian\Desktop\AngularBlog\backend\node_modules\sequelize\src\dialects\mysql\query.js:46:25)
        at C:\Users\Krystian\Desktop\AngularBlog\backend\node_modules\sequelize\src\sequelize.js:650:28
        at processTicksAndRejections (node:internal/process/task_queues:95:5)
        at async MySQLQueryInterface.select (C:\Users\Krystian\Desktop\AngularBlog\backend\node_modules\sequelize\src\dialects\abstract\query-interface.js:1001:12)
        at async Function.findAll (C:\Users\Krystian\Desktop\AngularBlog\backend\node_modules\sequelize\src\model.js:1824:21)
2024-10-30T20:51:40.539Z error: Unknown column 'Tag.DESC' in 'order clause'
    Error
        at Query.run (C:\Users\Krystian\Desktop\AngularBlog\backend\node_modules\sequelize\src\dialects\mysql\query.js:46:25)
        at C:\Users\Krystian\Desktop\AngularBlog\backend\node_modules\sequelize\src\sequelize.js:650:28
        at processTicksAndRejections (node:internal/process/task_queues:95:5)
        at async MySQLQueryInterface.select (C:\Users\Krystian\Desktop\AngularBlog\backend\node_modules\sequelize\src\dialects\abstract\query-interface.js:1001:12)
        at async Function.findAll (C:\Users\Krystian\Desktop\AngularBlog\backend\node_modules\sequelize\src\model.js:1824:21)
2024-10-30T20:51:56.612Z error: Unknown column 'Tag.DESC' in 'order clause'
    Error
        at Query.run (C:\Users\Krystian\Desktop\AngularBlog\backend\node_modules\sequelize\src\dialects\mysql\query.js:46:25)
        at C:\Users\Krystian\Desktop\AngularBlog\backend\node_modules\sequelize\src\sequelize.js:650:28
        at processTicksAndRejections (node:internal/process/task_queues:95:5)
        at async MySQLQueryInterface.select (C:\Users\Krystian\Desktop\AngularBlog\backend\node_modules\sequelize\src\dialects\abstract\query-interface.js:1001:12)
        at async Function.findAll (C:\Users\Krystian\Desktop\AngularBlog\backend\node_modules\sequelize\src\model.js:1824:21)
2024-10-31T20:05:05.632Z error: Missing API key. Pass it to the constructor `new Resend("re_123")`
    Error: Missing API key. Pass it to the constructor `new Resend("re_123")`
        at new Resend (C:\Users\Krystian\Desktop\AngularBlog\backend\node_modules\resend\dist\index.js:371:15)
        at C:\Users\Krystian\Desktop\AngularBlog\backend\src\shared\email.util.ts:9:18
        at Generator.next (<anonymous>)
        at C:\Users\Krystian\Desktop\AngularBlog\backend\src\shared\email.util.ts:8:71
        at new Promise (<anonymous>)
        at __awaiter (C:\Users\Krystian\Desktop\AngularBlog\backend\src\shared\email.util.ts:4:12)
        at sendConfirmationEmail (C:\Users\Krystian\Desktop\AngularBlog\backend\src\shared\email.util.ts:16:12)
        at C:\Users\Krystian\Desktop\AngularBlog\backend\src\controllers\auth.controller.ts:63:30
        at Generator.next (<anonymous>)
        at fulfilled (C:\Users\Krystian\Desktop\AngularBlog\backend\src\controllers\auth.controller.ts:5:58)
2024-10-31T20:09:04.471Z error: Missing API key. Pass it to the constructor `new Resend("re_123")`
    Error: Missing API key. Pass it to the constructor `new Resend("re_123")`
        at new Resend (C:\Users\Krystian\Desktop\AngularBlog\backend\node_modules\resend\dist\index.js:371:15)
        at C:\Users\Krystian\Desktop\AngularBlog\backend\src\shared\email.util.ts:9:18
        at Generator.next (<anonymous>)
        at C:\Users\Krystian\Desktop\AngularBlog\backend\src\shared\email.util.ts:8:71
        at new Promise (<anonymous>)
        at __awaiter (C:\Users\Krystian\Desktop\AngularBlog\backend\src\shared\email.util.ts:4:12)
        at sendConfirmationEmail (C:\Users\Krystian\Desktop\AngularBlog\backend\src\shared\email.util.ts:16:12)
        at C:\Users\Krystian\Desktop\AngularBlog\backend\src\controllers\auth.controller.ts:63:30
        at Generator.next (<anonymous>)
        at fulfilled (C:\Users\Krystian\Desktop\AngularBlog\backend\src\controllers\auth.controller.ts:5:58)
2024-11-01T20:12:09.972Z error: Cannot set headers after they are sent to the client
    Error: Cannot set headers after they are sent to the client
        at ServerResponse.setHeader (node:_http_outgoing:655:11)
        at ServerResponse.header (C:\Users\Krystian\Desktop\AngularBlog2\backend\node_modules\express\lib\response.js:794:10)
        at ServerResponse.location (C:\Users\Krystian\Desktop\AngularBlog2\backend\node_modules\express\lib\response.js:925:15)
        at ServerResponse.redirect (C:\Users\Krystian\Desktop\AngularBlog2\backend\node_modules\express\lib\response.js:963:18)
        at C:\Users\Krystian\Desktop\AngularBlog2\backend\src\controllers\auth.controller.ts:241:7
        at Generator.next (<anonymous>)
        at fulfilled (C:\Users\Krystian\Desktop\AngularBlog2\backend\src\controllers\auth.controller.ts:5:58)
        at processTicksAndRejections (node:internal/process/task_queues:95:5)
